-- The C compiler identification is GNU 13.3.0
-- The CXX compiler identification is GNU 13.3.0
-- Detecting C compiler ABI info
-- Detecting C compiler ABI info - done
-- Check for working C compiler: /usr/bin/cc - skipped
-- Detecting C compile features
-- Detecting C compile features - done
-- Detecting CXX compiler ABI info
-- Detecting CXX compiler ABI info - done
-- Check for working CXX compiler: /usr/bin/c++ - skipped
-- Detecting CXX compile features
-- Detecting CXX compile features - done
-- Found ament_cmake: 2.5.4 (/opt/ros/jazzy/share/ament_cmake/cmake)
-- Found Python3: /usr/bin/python3 (found version "3.12.3") found components: Interpreter 
-- Override CMake install command with custom implementation using symlinks instead of copying resources
-- Found ament_lint_auto: 0.17.3 (/opt/ros/jazzy/share/ament_lint_auto/cmake)
-- Added test 'flake8' to check Python code syntax and style conventions
-- Configured 'flake8' exclude dirs and/or files: 
-- Added test 'lint_cmake' to check CMake code style
-- Added test 'pep257' to check Python code against some of the docstring style conventions in PEP 257
-- Added test 'xmllint' to check XML markup files
-- Configuring done (1.0s)
-- Generating done (0.0s)
-- Build files have been written to: /home/hephan/lfr_ws/src/arena-robot-simulation/build/mec_mobile_navigation
-- Install configuration: ""
-- Execute custom install script
-- Symlinking: /home/hephan/lfr_ws/src/arena-robot-simulation/install/mec_mobile_navigation/share/mec_mobile_navigation/launch/localization.launch.py
-- Symlinking: /home/hephan/lfr_ws/src/arena-robot-simulation/install/mec_mobile_navigation/share/mec_mobile_navigation/launch/mapping.launch.py
-- Symlinking: /home/hephan/lfr_ws/src/arena-robot-simulation/install/mec_mobile_navigation/share/mec_mobile_navigation/launch/navigation.launch.py
-- Symlinking: /home/hephan/lfr_ws/src/arena-robot-simulation/install/mec_mobile_navigation/share/mec_mobile_navigation/launch/spawn_robot.launch.py
-- Symlinking: /home/hephan/lfr_ws/src/arena-robot-simulation/install/mec_mobile_navigation/share/mec_mobile_navigation/config/amcl_localization.yaml
-- Symlinking: /home/hephan/lfr_ws/src/arena-robot-simulation/install/mec_mobile_navigation/share/mec_mobile_navigation/config/ekf.yaml
-- Symlinking: /home/hephan/lfr_ws/src/arena-robot-simulation/install/mec_mobile_navigation/share/mec_mobile_navigation/config/gz_bridge.yaml
-- Symlinking: /home/hephan/lfr_ws/src/arena-robot-simulation/install/mec_mobile_navigation/share/mec_mobile_navigation/config/navigation.yaml
-- Symlinking: /home/hephan/lfr_ws/src/arena-robot-simulation/install/mec_mobile_navigation/share/mec_mobile_navigation/config/slam_toolbox_mapping.yaml
-- Symlinking: /home/hephan/lfr_ws/src/arena-robot-simulation/install/mec_mobile_navigation/share/mec_mobile_navigation/rviz/localization.rviz
-- Symlinking: /home/hephan/lfr_ws/src/arena-robot-simulation/install/mec_mobile_navigation/share/mec_mobile_navigation/rviz/mapping.rviz
-- Symlinking: /home/hephan/lfr_ws/src/arena-robot-simulation/install/mec_mobile_navigation/share/mec_mobile_navigation/rviz/navigation.rviz
-- Symlinking: /home/hephan/lfr_ws/src/arena-robot-simulation/install/mec_mobile_navigation/share/mec_mobile_navigation/maps/my_map.pgm
-- Symlinking: /home/hephan/lfr_ws/src/arena-robot-simulation/install/mec_mobile_navigation/share/mec_mobile_navigation/maps/my_map.yaml
-- Symlinking: /home/hephan/lfr_ws/src/arena-robot-simulation/install/mec_mobile_navigation/share/ament_index/resource_index/package_run_dependencies/mec_mobile_navigation
-- Symlinking: /home/hephan/lfr_ws/src/arena-robot-simulation/install/mec_mobile_navigation/share/ament_index/resource_index/parent_prefix_path/mec_mobile_navigation
-- Symlinking: /home/hephan/lfr_ws/src/arena-robot-simulation/install/mec_mobile_navigation/share/mec_mobile_navigation/environment/ament_prefix_path.sh
-- Symlinking: /home/hephan/lfr_ws/src/arena-robot-simulation/install/mec_mobile_navigation/share/mec_mobile_navigation/environment/ament_prefix_path.dsv
-- Symlinking: /home/hephan/lfr_ws/src/arena-robot-simulation/install/mec_mobile_navigation/share/mec_mobile_navigation/environment/path.sh
-- Symlinking: /home/hephan/lfr_ws/src/arena-robot-simulation/install/mec_mobile_navigation/share/mec_mobile_navigation/environment/path.dsv
-- Symlinking: /home/hephan/lfr_ws/src/arena-robot-simulation/install/mec_mobile_navigation/share/mec_mobile_navigation/local_setup.bash
-- Symlinking: /home/hephan/lfr_ws/src/arena-robot-simulation/install/mec_mobile_navigation/share/mec_mobile_navigation/local_setup.sh
-- Symlinking: /home/hephan/lfr_ws/src/arena-robot-simulation/install/mec_mobile_navigation/share/mec_mobile_navigation/local_setup.zsh
-- Symlinking: /home/hephan/lfr_ws/src/arena-robot-simulation/install/mec_mobile_navigation/share/mec_mobile_navigation/local_setup.dsv
-- Symlinking: /home/hephan/lfr_ws/src/arena-robot-simulation/install/mec_mobile_navigation/share/mec_mobile_navigation/package.dsv
-- Symlinking: /home/hephan/lfr_ws/src/arena-robot-simulation/install/mec_mobile_navigation/share/ament_index/resource_index/packages/mec_mobile_navigation
-- Symlinking: /home/hephan/lfr_ws/src/arena-robot-simulation/install/mec_mobile_navigation/share/mec_mobile_navigation/cmake/mec_mobile_navigationConfig.cmake
-- Symlinking: /home/hephan/lfr_ws/src/arena-robot-simulation/install/mec_mobile_navigation/share/mec_mobile_navigation/cmake/mec_mobile_navigationConfig-version.cmake
-- Symlinking: /home/hephan/lfr_ws/src/arena-robot-simulation/install/mec_mobile_navigation/share/mec_mobile_navigation/package.xml
