[0.015s] Invoking command in '/home/hephan/lfr_ws/src/arena-robot-simulation/build/mec_mobile_gazebo': CMAKE_PREFIX_PATH=${CMAKE_PREFIX_PATH}:/opt/ros/jazzy DEBUGINFOD_URLS=https://debuginfod.ubuntu.com /usr/bin/cmake --build /home/hephan/lfr_ws/src/arena-robot-simulation/build/mec_mobile_gazebo -- -j22 -l22
[0.091s] Invoked command in '/home/hephan/lfr_ws/src/arena-robot-simulation/build/mec_mobile_gazebo' returned '0': CMAKE_PREFIX_PATH=${CMAKE_PREFIX_PATH}:/opt/ros/jazzy DEBUGINFOD_URLS=https://debuginfod.ubuntu.com /usr/bin/cmake --build /home/hephan/lfr_ws/src/arena-robot-simulation/build/mec_mobile_gazebo -- -j22 -l22
[0.092s] Invoking command in '/home/hephan/lfr_ws/src/arena-robot-simulation/build/mec_mobile_gazebo': CMAKE_PREFIX_PATH=${CMAKE_PREFIX_PATH}:/opt/ros/jazzy DEBUGINFOD_URLS=https://debuginfod.ubuntu.com /usr/bin/cmake --install /home/hephan/lfr_ws/src/arena-robot-simulation/build/mec_mobile_gazebo
[0.104s] -- Install configuration: ""
[0.105s] -- Execute custom install script
[0.106s] -- Up-to-date symlink: /home/hephan/lfr_ws/src/arena-robot-simulation/install/mec_mobile_gazebo/share/mec_mobile_gazebo/launch/spawn_robot.launch.py
[0.106s] -- Up-to-date symlink: /home/hephan/lfr_ws/src/arena-robot-simulation/install/mec_mobile_gazebo/share/mec_mobile_gazebo/launch/world.launch.py
[0.106s] -- Up-to-date symlink: /home/hephan/lfr_ws/src/arena-robot-simulation/install/mec_mobile_gazebo/share/mec_mobile_gazebo/worlds/empty.sdf
[0.107s] -- Up-to-date symlink: /home/hephan/lfr_ws/src/arena-robot-simulation/install/mec_mobile_gazebo/share/mec_mobile_gazebo/worlds/tugbot_warehouse.sdf
[0.107s] -- Up-to-date symlink: /home/hephan/lfr_ws/src/arena-robot-simulation/install/mec_mobile_gazebo/share/mec_mobile_gazebo/worlds/world.sdf
[0.107s] -- Up-to-date symlink: /home/hephan/lfr_ws/src/arena-robot-simulation/install/mec_mobile_gazebo/share/ament_index/resource_index/package_run_dependencies/mec_mobile_gazebo
[0.107s] -- Up-to-date symlink: /home/hephan/lfr_ws/src/arena-robot-simulation/install/mec_mobile_gazebo/share/ament_index/resource_index/parent_prefix_path/mec_mobile_gazebo
[0.107s] -- Up-to-date symlink: /home/hephan/lfr_ws/src/arena-robot-simulation/install/mec_mobile_gazebo/share/mec_mobile_gazebo/environment/ament_prefix_path.sh
[0.107s] -- Up-to-date symlink: /home/hephan/lfr_ws/src/arena-robot-simulation/install/mec_mobile_gazebo/share/mec_mobile_gazebo/environment/ament_prefix_path.dsv
[0.108s] -- Up-to-date symlink: /home/hephan/lfr_ws/src/arena-robot-simulation/install/mec_mobile_gazebo/share/mec_mobile_gazebo/environment/path.sh
[0.108s] -- Up-to-date symlink: /home/hephan/lfr_ws/src/arena-robot-simulation/install/mec_mobile_gazebo/share/mec_mobile_gazebo/environment/path.dsv
[0.108s] -- Up-to-date symlink: /home/hephan/lfr_ws/src/arena-robot-simulation/install/mec_mobile_gazebo/share/mec_mobile_gazebo/local_setup.bash
[0.108s] -- Up-to-date symlink: /home/hephan/lfr_ws/src/arena-robot-simulation/install/mec_mobile_gazebo/share/mec_mobile_gazebo/local_setup.sh
[0.109s] -- Up-to-date symlink: /home/hephan/lfr_ws/src/arena-robot-simulation/install/mec_mobile_gazebo/share/mec_mobile_gazebo/local_setup.zsh
[0.109s] -- Up-to-date symlink: /home/hephan/lfr_ws/src/arena-robot-simulation/install/mec_mobile_gazebo/share/mec_mobile_gazebo/local_setup.dsv
[0.109s] -- Symlinking: /home/hephan/lfr_ws/src/arena-robot-simulation/install/mec_mobile_gazebo/share/mec_mobile_gazebo/package.dsv
[0.121s] -- Up-to-date symlink: /home/hephan/lfr_ws/src/arena-robot-simulation/install/mec_mobile_gazebo/share/ament_index/resource_index/packages/mec_mobile_gazebo
[0.123s] -- Up-to-date symlink: /home/hephan/lfr_ws/src/arena-robot-simulation/install/mec_mobile_gazebo/share/mec_mobile_gazebo/cmake/mec_mobile_gazeboConfig.cmake
[0.123s] -- Up-to-date symlink: /home/hephan/lfr_ws/src/arena-robot-simulation/install/mec_mobile_gazebo/share/mec_mobile_gazebo/cmake/mec_mobile_gazeboConfig-version.cmake
[0.123s] -- Up-to-date symlink: /home/hephan/lfr_ws/src/arena-robot-simulation/install/mec_mobile_gazebo/share/mec_mobile_gazebo/package.xml
[0.164s] Invoked command in '/home/hephan/lfr_ws/src/arena-robot-simulation/build/mec_mobile_gazebo' returned '0': CMAKE_PREFIX_PATH=${CMAKE_PREFIX_PATH}:/opt/ros/jazzy DEBUGINFOD_URLS=https://debuginfod.ubuntu.com /usr/bin/cmake --install /home/hephan/lfr_ws/src/arena-robot-simulation/build/mec_mobile_gazebo
