-- The C compiler identification is GNU 13.3.0
-- The CXX compiler identification is GNU 13.3.0
-- Detecting C compiler ABI info
-- Detecting C compiler ABI info - done
-- Check for working C compiler: /usr/bin/cc - skipped
-- Detecting C compile features
-- Detecting C compile features - done
-- Detecting CXX compiler ABI info
-- Detecting CXX compiler ABI info - done
-- Check for working CXX compiler: /usr/bin/c++ - skipped
-- Detecting CXX compile features
-- Detecting CXX compile features - done
-- Found ament_cmake: 2.5.4 (/opt/ros/jazzy/share/ament_cmake/cmake)
-- Found Python3: /usr/bin/python3 (found version "3.12.3") found components: Interpreter 
-- Override CMake install command with custom implementation using symlinks instead of copying resources
-- Found ament_lint_auto: 0.17.3 (/opt/ros/jazzy/share/ament_lint_auto/cmake)
-- Added test 'lint_cmake' to check CMake code style
-- Added test 'xmllint' to check XML markup files
-- Configuring done (1.0s)
-- Generating done (0.0s)
-- Build files have been written to: /home/hephan/lfr_ws/src/arena-robot-simulation/build/mec_mobile
-- Install configuration: ""
-- Execute custom install script
-- Symlinking: /home/hephan/lfr_ws/src/arena-robot-simulation/install/mec_mobile/share/ament_index/resource_index/package_run_dependencies/mec_mobile
-- Symlinking: /home/hephan/lfr_ws/src/arena-robot-simulation/install/mec_mobile/share/ament_index/resource_index/parent_prefix_path/mec_mobile
-- Symlinking: /home/hephan/lfr_ws/src/arena-robot-simulation/install/mec_mobile/share/mec_mobile/environment/ament_prefix_path.sh
-- Symlinking: /home/hephan/lfr_ws/src/arena-robot-simulation/install/mec_mobile/share/mec_mobile/environment/ament_prefix_path.dsv
-- Symlinking: /home/hephan/lfr_ws/src/arena-robot-simulation/install/mec_mobile/share/mec_mobile/environment/path.sh
-- Symlinking: /home/hephan/lfr_ws/src/arena-robot-simulation/install/mec_mobile/share/mec_mobile/environment/path.dsv
-- Symlinking: /home/hephan/lfr_ws/src/arena-robot-simulation/install/mec_mobile/share/mec_mobile/local_setup.bash
-- Symlinking: /home/hephan/lfr_ws/src/arena-robot-simulation/install/mec_mobile/share/mec_mobile/local_setup.sh
-- Symlinking: /home/hephan/lfr_ws/src/arena-robot-simulation/install/mec_mobile/share/mec_mobile/local_setup.zsh
-- Symlinking: /home/hephan/lfr_ws/src/arena-robot-simulation/install/mec_mobile/share/mec_mobile/local_setup.dsv
-- Symlinking: /home/hephan/lfr_ws/src/arena-robot-simulation/install/mec_mobile/share/mec_mobile/package.dsv
-- Symlinking: /home/hephan/lfr_ws/src/arena-robot-simulation/install/mec_mobile/share/ament_index/resource_index/packages/mec_mobile
-- Symlinking: /home/hephan/lfr_ws/src/arena-robot-simulation/install/mec_mobile/share/mec_mobile/cmake/mec_mobileConfig.cmake
-- Symlinking: /home/hephan/lfr_ws/src/arena-robot-simulation/install/mec_mobile/share/mec_mobile/cmake/mec_mobileConfig-version.cmake
-- Symlinking: /home/hephan/lfr_ws/src/arena-robot-simulation/install/mec_mobile/share/mec_mobile/package.xml
