[0.012s] Invoking command in '/home/hephan/lfr_ws/src/arena-robot-simulation/build/mec_mobile': AMENT_PREFIX_PATH=/home/hephan/lfr_ws/src/arena-robot-simulation/install/mec_mobile_description:${AMENT_PREFIX_PATH} CMAKE_PREFIX_PATH=/home/hephan/lfr_ws/src/arena-robot-simulation/install/mec_mobile_description:/home/hephan/lfr_ws/install/mec_mobile_navigation:/home/hephan/lfr_ws/install/mec_mobile_gazebo:/home/hephan/lfr_ws/install/mec_mobile:/home/hephan/lfr_ws/install/mec_mobile_description:/home/hephan/lfr_ll_ws/install/mec_mobile_navigation:/home/hephan/lfr_ll_ws/install/mec_mobile_gazebo:/home/hephan/lfr_ll_ws/install/mec_mobile:/home/hephan/lfr_ll_ws/install/mec_mobile_description:/opt/ros/jazzy/opt/gz_sim_vendor:/opt/ros/jazzy/opt/gz_sensors_vendor:/opt/ros/jazzy/opt/gz_physics_vendor:/opt/ros/jazzy/opt/sdformat_vendor:/opt/ros/jazzy/opt/gz_gui_vendor:/opt/ros/jazzy/opt/gz_transport_vendor:/opt/ros/jazzy/opt/gz_rendering_vendor:/opt/ros/jazzy/opt/gz_plugin_vendor:/opt/ros/jazzy/opt/gz_fuel_tools_vendor:/opt/ros/jazzy/opt/gz_msgs_vendor:/opt/ros/jazzy/opt/gz_common_vendor:/opt/ros/jazzy/opt/gz_math_vendor:/opt/ros/jazzy/opt/gz_utils_vendor:/opt/ros/jazzy/opt/gz_tools_vendor:/opt/ros/jazzy/opt/gz_ogre_next_vendor:/opt/ros/jazzy/opt/gz_dartsim_vendor:/opt/ros/jazzy/opt/gz_cmake_vendor:/opt/ros/jazzy DEBUGINFOD_URLS=https://debuginfod.ubuntu.com /usr/bin/cmake /home/hephan/lfr_ws/src/arena-robot-simulation/mec_mobile -DAMENT_CMAKE_SYMLINK_INSTALL=1 -DCMAKE_INSTALL_PREFIX=/home/hephan/lfr_ws/src/arena-robot-simulation/install/mec_mobile
[0.092s] -- The C compiler identification is GNU 13.3.0
[0.173s] -- The CXX compiler identification is GNU 13.3.0
[0.198s] -- Detecting C compiler ABI info
[0.322s] -- Detecting C compiler ABI info - done
[0.336s] -- Check for working C compiler: /usr/bin/cc - skipped
[0.336s] -- Detecting C compile features
[0.337s] -- Detecting C compile features - done
[0.353s] -- Detecting CXX compiler ABI info
[0.492s] -- Detecting CXX compiler ABI info - done
[0.503s] -- Check for working CXX compiler: /usr/bin/c++ - skipped
[0.503s] -- Detecting CXX compile features
[0.504s] -- Detecting CXX compile features - done
[0.508s] -- Found ament_cmake: 2.5.4 (/opt/ros/jazzy/share/ament_cmake/cmake)
[0.714s] -- Found Python3: /usr/bin/python3 (found version "3.12.3") found components: Interpreter 
[0.807s] -- Override CMake install command with custom implementation using symlinks instead of copying resources
[0.874s] -- Found ament_lint_auto: 0.17.3 (/opt/ros/jazzy/share/ament_lint_auto/cmake)
[1.017s] -- Added test 'lint_cmake' to check CMake code style
[1.018s] -- Added test 'xmllint' to check XML markup files
[1.022s] -- Configuring done (1.0s)
[1.025s] -- Generating done (0.0s)
[1.027s] -- Build files have been written to: /home/hephan/lfr_ws/src/arena-robot-simulation/build/mec_mobile
[1.035s] Invoked command in '/home/hephan/lfr_ws/src/arena-robot-simulation/build/mec_mobile' returned '0': AMENT_PREFIX_PATH=/home/hephan/lfr_ws/src/arena-robot-simulation/install/mec_mobile_description:${AMENT_PREFIX_PATH} CMAKE_PREFIX_PATH=/home/hephan/lfr_ws/src/arena-robot-simulation/install/mec_mobile_description:/home/hephan/lfr_ws/install/mec_mobile_navigation:/home/hephan/lfr_ws/install/mec_mobile_gazebo:/home/hephan/lfr_ws/install/mec_mobile:/home/hephan/lfr_ws/install/mec_mobile_description:/home/hephan/lfr_ll_ws/install/mec_mobile_navigation:/home/hephan/lfr_ll_ws/install/mec_mobile_gazebo:/home/hephan/lfr_ll_ws/install/mec_mobile:/home/hephan/lfr_ll_ws/install/mec_mobile_description:/opt/ros/jazzy/opt/gz_sim_vendor:/opt/ros/jazzy/opt/gz_sensors_vendor:/opt/ros/jazzy/opt/gz_physics_vendor:/opt/ros/jazzy/opt/sdformat_vendor:/opt/ros/jazzy/opt/gz_gui_vendor:/opt/ros/jazzy/opt/gz_transport_vendor:/opt/ros/jazzy/opt/gz_rendering_vendor:/opt/ros/jazzy/opt/gz_plugin_vendor:/opt/ros/jazzy/opt/gz_fuel_tools_vendor:/opt/ros/jazzy/opt/gz_msgs_vendor:/opt/ros/jazzy/opt/gz_common_vendor:/opt/ros/jazzy/opt/gz_math_vendor:/opt/ros/jazzy/opt/gz_utils_vendor:/opt/ros/jazzy/opt/gz_tools_vendor:/opt/ros/jazzy/opt/gz_ogre_next_vendor:/opt/ros/jazzy/opt/gz_dartsim_vendor:/opt/ros/jazzy/opt/gz_cmake_vendor:/opt/ros/jazzy DEBUGINFOD_URLS=https://debuginfod.ubuntu.com /usr/bin/cmake /home/hephan/lfr_ws/src/arena-robot-simulation/mec_mobile -DAMENT_CMAKE_SYMLINK_INSTALL=1 -DCMAKE_INSTALL_PREFIX=/home/hephan/lfr_ws/src/arena-robot-simulation/install/mec_mobile
[1.037s] Invoking command in '/home/hephan/lfr_ws/src/arena-robot-simulation/build/mec_mobile': AMENT_PREFIX_PATH=/home/hephan/lfr_ws/src/arena-robot-simulation/install/mec_mobile_description:${AMENT_PREFIX_PATH} CMAKE_PREFIX_PATH=/home/hephan/lfr_ws/src/arena-robot-simulation/install/mec_mobile_description:/home/hephan/lfr_ws/install/mec_mobile_navigation:/home/hephan/lfr_ws/install/mec_mobile_gazebo:/home/hephan/lfr_ws/install/mec_mobile:/home/hephan/lfr_ws/install/mec_mobile_description:/home/hephan/lfr_ll_ws/install/mec_mobile_navigation:/home/hephan/lfr_ll_ws/install/mec_mobile_gazebo:/home/hephan/lfr_ll_ws/install/mec_mobile:/home/hephan/lfr_ll_ws/install/mec_mobile_description:/opt/ros/jazzy/opt/gz_sim_vendor:/opt/ros/jazzy/opt/gz_sensors_vendor:/opt/ros/jazzy/opt/gz_physics_vendor:/opt/ros/jazzy/opt/sdformat_vendor:/opt/ros/jazzy/opt/gz_gui_vendor:/opt/ros/jazzy/opt/gz_transport_vendor:/opt/ros/jazzy/opt/gz_rendering_vendor:/opt/ros/jazzy/opt/gz_plugin_vendor:/opt/ros/jazzy/opt/gz_fuel_tools_vendor:/opt/ros/jazzy/opt/gz_msgs_vendor:/opt/ros/jazzy/opt/gz_common_vendor:/opt/ros/jazzy/opt/gz_math_vendor:/opt/ros/jazzy/opt/gz_utils_vendor:/opt/ros/jazzy/opt/gz_tools_vendor:/opt/ros/jazzy/opt/gz_ogre_next_vendor:/opt/ros/jazzy/opt/gz_dartsim_vendor:/opt/ros/jazzy/opt/gz_cmake_vendor:/opt/ros/jazzy DEBUGINFOD_URLS=https://debuginfod.ubuntu.com /usr/bin/cmake --build /home/hephan/lfr_ws/src/arena-robot-simulation/build/mec_mobile -- -j22 -l22
[1.095s] Invoked command in '/home/hephan/lfr_ws/src/arena-robot-simulation/build/mec_mobile' returned '0': AMENT_PREFIX_PATH=/home/hephan/lfr_ws/src/arena-robot-simulation/install/mec_mobile_description:${AMENT_PREFIX_PATH} CMAKE_PREFIX_PATH=/home/hephan/lfr_ws/src/arena-robot-simulation/install/mec_mobile_description:/home/hephan/lfr_ws/install/mec_mobile_navigation:/home/hephan/lfr_ws/install/mec_mobile_gazebo:/home/hephan/lfr_ws/install/mec_mobile:/home/hephan/lfr_ws/install/mec_mobile_description:/home/hephan/lfr_ll_ws/install/mec_mobile_navigation:/home/hephan/lfr_ll_ws/install/mec_mobile_gazebo:/home/hephan/lfr_ll_ws/install/mec_mobile:/home/hephan/lfr_ll_ws/install/mec_mobile_description:/opt/ros/jazzy/opt/gz_sim_vendor:/opt/ros/jazzy/opt/gz_sensors_vendor:/opt/ros/jazzy/opt/gz_physics_vendor:/opt/ros/jazzy/opt/sdformat_vendor:/opt/ros/jazzy/opt/gz_gui_vendor:/opt/ros/jazzy/opt/gz_transport_vendor:/opt/ros/jazzy/opt/gz_rendering_vendor:/opt/ros/jazzy/opt/gz_plugin_vendor:/opt/ros/jazzy/opt/gz_fuel_tools_vendor:/opt/ros/jazzy/opt/gz_msgs_vendor:/opt/ros/jazzy/opt/gz_common_vendor:/opt/ros/jazzy/opt/gz_math_vendor:/opt/ros/jazzy/opt/gz_utils_vendor:/opt/ros/jazzy/opt/gz_tools_vendor:/opt/ros/jazzy/opt/gz_ogre_next_vendor:/opt/ros/jazzy/opt/gz_dartsim_vendor:/opt/ros/jazzy/opt/gz_cmake_vendor:/opt/ros/jazzy DEBUGINFOD_URLS=https://debuginfod.ubuntu.com /usr/bin/cmake --build /home/hephan/lfr_ws/src/arena-robot-simulation/build/mec_mobile -- -j22 -l22
[1.097s] Invoking command in '/home/hephan/lfr_ws/src/arena-robot-simulation/build/mec_mobile': AMENT_PREFIX_PATH=/home/hephan/lfr_ws/src/arena-robot-simulation/install/mec_mobile_description:${AMENT_PREFIX_PATH} CMAKE_PREFIX_PATH=/home/hephan/lfr_ws/src/arena-robot-simulation/install/mec_mobile_description:/home/hephan/lfr_ws/install/mec_mobile_navigation:/home/hephan/lfr_ws/install/mec_mobile_gazebo:/home/hephan/lfr_ws/install/mec_mobile:/home/hephan/lfr_ws/install/mec_mobile_description:/home/hephan/lfr_ll_ws/install/mec_mobile_navigation:/home/hephan/lfr_ll_ws/install/mec_mobile_gazebo:/home/hephan/lfr_ll_ws/install/mec_mobile:/home/hephan/lfr_ll_ws/install/mec_mobile_description:/opt/ros/jazzy/opt/gz_sim_vendor:/opt/ros/jazzy/opt/gz_sensors_vendor:/opt/ros/jazzy/opt/gz_physics_vendor:/opt/ros/jazzy/opt/sdformat_vendor:/opt/ros/jazzy/opt/gz_gui_vendor:/opt/ros/jazzy/opt/gz_transport_vendor:/opt/ros/jazzy/opt/gz_rendering_vendor:/opt/ros/jazzy/opt/gz_plugin_vendor:/opt/ros/jazzy/opt/gz_fuel_tools_vendor:/opt/ros/jazzy/opt/gz_msgs_vendor:/opt/ros/jazzy/opt/gz_common_vendor:/opt/ros/jazzy/opt/gz_math_vendor:/opt/ros/jazzy/opt/gz_utils_vendor:/opt/ros/jazzy/opt/gz_tools_vendor:/opt/ros/jazzy/opt/gz_ogre_next_vendor:/opt/ros/jazzy/opt/gz_dartsim_vendor:/opt/ros/jazzy/opt/gz_cmake_vendor:/opt/ros/jazzy DEBUGINFOD_URLS=https://debuginfod.ubuntu.com /usr/bin/cmake --install /home/hephan/lfr_ws/src/arena-robot-simulation/build/mec_mobile
[1.107s] -- Install configuration: ""
[1.107s] -- Execute custom install script
[1.107s] -- Symlinking: /home/hephan/lfr_ws/src/arena-robot-simulation/install/mec_mobile/share/ament_index/resource_index/package_run_dependencies/mec_mobile
[1.121s] -- Symlinking: /home/hephan/lfr_ws/src/arena-robot-simulation/install/mec_mobile/share/ament_index/resource_index/parent_prefix_path/mec_mobile
[1.134s] -- Symlinking: /home/hephan/lfr_ws/src/arena-robot-simulation/install/mec_mobile/share/mec_mobile/environment/ament_prefix_path.sh
[1.147s] -- Symlinking: /home/hephan/lfr_ws/src/arena-robot-simulation/install/mec_mobile/share/mec_mobile/environment/ament_prefix_path.dsv
[1.164s] -- Symlinking: /home/hephan/lfr_ws/src/arena-robot-simulation/install/mec_mobile/share/mec_mobile/environment/path.sh
[1.179s] -- Symlinking: /home/hephan/lfr_ws/src/arena-robot-simulation/install/mec_mobile/share/mec_mobile/environment/path.dsv
[1.192s] -- Symlinking: /home/hephan/lfr_ws/src/arena-robot-simulation/install/mec_mobile/share/mec_mobile/local_setup.bash
[1.205s] -- Symlinking: /home/hephan/lfr_ws/src/arena-robot-simulation/install/mec_mobile/share/mec_mobile/local_setup.sh
[1.217s] -- Symlinking: /home/hephan/lfr_ws/src/arena-robot-simulation/install/mec_mobile/share/mec_mobile/local_setup.zsh
[1.229s] -- Symlinking: /home/hephan/lfr_ws/src/arena-robot-simulation/install/mec_mobile/share/mec_mobile/local_setup.dsv
[1.243s] -- Symlinking: /home/hephan/lfr_ws/src/arena-robot-simulation/install/mec_mobile/share/mec_mobile/package.dsv
[1.258s] -- Symlinking: /home/hephan/lfr_ws/src/arena-robot-simulation/install/mec_mobile/share/ament_index/resource_index/packages/mec_mobile
[1.271s] -- Symlinking: /home/hephan/lfr_ws/src/arena-robot-simulation/install/mec_mobile/share/mec_mobile/cmake/mec_mobileConfig.cmake
[1.283s] -- Symlinking: /home/hephan/lfr_ws/src/arena-robot-simulation/install/mec_mobile/share/mec_mobile/cmake/mec_mobileConfig-version.cmake
[1.296s] -- Symlinking: /home/hephan/lfr_ws/src/arena-robot-simulation/install/mec_mobile/share/mec_mobile/package.xml
[1.313s] Invoked command in '/home/hephan/lfr_ws/src/arena-robot-simulation/build/mec_mobile' returned '0': AMENT_PREFIX_PATH=/home/hephan/lfr_ws/src/arena-robot-simulation/install/mec_mobile_description:${AMENT_PREFIX_PATH} CMAKE_PREFIX_PATH=/home/hephan/lfr_ws/src/arena-robot-simulation/install/mec_mobile_description:/home/hephan/lfr_ws/install/mec_mobile_navigation:/home/hephan/lfr_ws/install/mec_mobile_gazebo:/home/hephan/lfr_ws/install/mec_mobile:/home/hephan/lfr_ws/install/mec_mobile_description:/home/hephan/lfr_ll_ws/install/mec_mobile_navigation:/home/hephan/lfr_ll_ws/install/mec_mobile_gazebo:/home/hephan/lfr_ll_ws/install/mec_mobile:/home/hephan/lfr_ll_ws/install/mec_mobile_description:/opt/ros/jazzy/opt/gz_sim_vendor:/opt/ros/jazzy/opt/gz_sensors_vendor:/opt/ros/jazzy/opt/gz_physics_vendor:/opt/ros/jazzy/opt/sdformat_vendor:/opt/ros/jazzy/opt/gz_gui_vendor:/opt/ros/jazzy/opt/gz_transport_vendor:/opt/ros/jazzy/opt/gz_rendering_vendor:/opt/ros/jazzy/opt/gz_plugin_vendor:/opt/ros/jazzy/opt/gz_fuel_tools_vendor:/opt/ros/jazzy/opt/gz_msgs_vendor:/opt/ros/jazzy/opt/gz_common_vendor:/opt/ros/jazzy/opt/gz_math_vendor:/opt/ros/jazzy/opt/gz_utils_vendor:/opt/ros/jazzy/opt/gz_tools_vendor:/opt/ros/jazzy/opt/gz_ogre_next_vendor:/opt/ros/jazzy/opt/gz_dartsim_vendor:/opt/ros/jazzy/opt/gz_cmake_vendor:/opt/ros/jazzy DEBUGINFOD_URLS=https://debuginfod.ubuntu.com /usr/bin/cmake --install /home/hephan/lfr_ws/src/arena-robot-simulation/build/mec_mobile
