[0.019s] Invoking command in '/home/hephan/lfr_ws/src/arena-robot-simulation/build/mec_mobile_gazebo': CMAKE_PREFIX_PATH=${CMAKE_PREFIX_PATH}:/opt/ros/jazzy DEBUGINFOD_URLS=https://debuginfod.ubuntu.com /usr/bin/cmake --build /home/hephan/lfr_ws/src/arena-robot-simulation/build/mec_mobile_gazebo -- -j22 -l22
[0.095s] Invoked command in '/home/hephan/lfr_ws/src/arena-robot-simulation/build/mec_mobile_gazebo' returned '0': CMAKE_PREFIX_PATH=${CMAKE_PREFIX_PATH}:/opt/ros/jazzy DEBUGINFOD_URLS=https://debuginfod.ubuntu.com /usr/bin/cmake --build /home/hephan/lfr_ws/src/arena-robot-simulation/build/mec_mobile_gazebo -- -j22 -l22
[0.097s] Invoking command in '/home/hephan/lfr_ws/src/arena-robot-simulation/build/mec_mobile_gazebo': CMAKE_PREFIX_PATH=${CMAKE_PREFIX_PATH}:/opt/ros/jazzy DEBUGINFOD_URLS=https://debuginfod.ubuntu.com /usr/bin/cmake --install /home/hephan/lfr_ws/src/arena-robot-simulation/build/mec_mobile_gazebo
[0.109s] -- Install configuration: ""
[0.109s] -- Execute custom install script
[0.110s] -- Up-to-date symlink: /home/hephan/lfr_ws/src/arena-robot-simulation/install/mec_mobile_gazebo/share/mec_mobile_gazebo/launch/spawn_robot.launch.py
[0.110s] -- Up-to-date symlink: /home/hephan/lfr_ws/src/arena-robot-simulation/install/mec_mobile_gazebo/share/mec_mobile_gazebo/launch/world.launch.py
[0.111s] -- Up-to-date symlink: /home/hephan/lfr_ws/src/arena-robot-simulation/install/mec_mobile_gazebo/share/mec_mobile_gazebo/worlds/empty.sdf
[0.111s] -- Up-to-date symlink: /home/hephan/lfr_ws/src/arena-robot-simulation/install/mec_mobile_gazebo/share/mec_mobile_gazebo/worlds/tugbot_warehouse.sdf
[0.111s] -- Up-to-date symlink: /home/hephan/lfr_ws/src/arena-robot-simulation/install/mec_mobile_gazebo/share/mec_mobile_gazebo/worlds/world.sdf
[0.111s] -- Up-to-date symlink: /home/hephan/lfr_ws/src/arena-robot-simulation/install/mec_mobile_gazebo/share/ament_index/resource_index/package_run_dependencies/mec_mobile_gazebo
[0.111s] -- Up-to-date symlink: /home/hephan/lfr_ws/src/arena-robot-simulation/install/mec_mobile_gazebo/share/ament_index/resource_index/parent_prefix_path/mec_mobile_gazebo
[0.111s] -- Up-to-date symlink: /home/hephan/lfr_ws/src/arena-robot-simulation/install/mec_mobile_gazebo/share/mec_mobile_gazebo/environment/ament_prefix_path.sh
[0.111s] -- Up-to-date symlink: /home/hephan/lfr_ws/src/arena-robot-simulation/install/mec_mobile_gazebo/share/mec_mobile_gazebo/environment/ament_prefix_path.dsv
[0.112s] -- Up-to-date symlink: /home/hephan/lfr_ws/src/arena-robot-simulation/install/mec_mobile_gazebo/share/mec_mobile_gazebo/environment/path.sh
[0.112s] -- Up-to-date symlink: /home/hephan/lfr_ws/src/arena-robot-simulation/install/mec_mobile_gazebo/share/mec_mobile_gazebo/environment/path.dsv
[0.112s] -- Up-to-date symlink: /home/hephan/lfr_ws/src/arena-robot-simulation/install/mec_mobile_gazebo/share/mec_mobile_gazebo/local_setup.bash
[0.112s] -- Up-to-date symlink: /home/hephan/lfr_ws/src/arena-robot-simulation/install/mec_mobile_gazebo/share/mec_mobile_gazebo/local_setup.sh
[0.113s] -- Up-to-date symlink: /home/hephan/lfr_ws/src/arena-robot-simulation/install/mec_mobile_gazebo/share/mec_mobile_gazebo/local_setup.zsh
[0.113s] -- Up-to-date symlink: /home/hephan/lfr_ws/src/arena-robot-simulation/install/mec_mobile_gazebo/share/mec_mobile_gazebo/local_setup.dsv
[0.113s] -- Symlinking: /home/hephan/lfr_ws/src/arena-robot-simulation/install/mec_mobile_gazebo/share/mec_mobile_gazebo/package.dsv
[0.125s] -- Up-to-date symlink: /home/hephan/lfr_ws/src/arena-robot-simulation/install/mec_mobile_gazebo/share/ament_index/resource_index/packages/mec_mobile_gazebo
[0.125s] -- Up-to-date symlink: /home/hephan/lfr_ws/src/arena-robot-simulation/install/mec_mobile_gazebo/share/mec_mobile_gazebo/cmake/mec_mobile_gazeboConfig.cmake
[0.125s] -- Up-to-date symlink: /home/hephan/lfr_ws/src/arena-robot-simulation/install/mec_mobile_gazebo/share/mec_mobile_gazebo/cmake/mec_mobile_gazeboConfig-version.cmake
[0.125s] -- Up-to-date symlink: /home/hephan/lfr_ws/src/arena-robot-simulation/install/mec_mobile_gazebo/share/mec_mobile_gazebo/package.xml
[0.153s] Invoked command in '/home/hephan/lfr_ws/src/arena-robot-simulation/build/mec_mobile_gazebo' returned '0': CMAKE_PREFIX_PATH=${CMAKE_PREFIX_PATH}:/opt/ros/jazzy DEBUGINFOD_URLS=https://debuginfod.ubuntu.com /usr/bin/cmake --install /home/hephan/lfr_ws/src/arena-robot-simulation/build/mec_mobile_gazebo
