[0.016s] Invoking command in '/home/hephan/lfr_ws/src/arena-robot-simulation/build/mec_mobile_gazebo': CMAKE_PREFIX_PATH=${CMAKE_PREFIX_PATH}:/opt/ros/jazzy DEBUGINFOD_URLS=https://debuginfod.ubuntu.com /usr/bin/cmake /home/hephan/lfr_ws/src/arena-robot-simulation/mec_mobile_gazebo -DAMENT_CMAKE_SYMLINK_INSTALL=1 -DCMAKE_INSTALL_PREFIX=/home/hephan/lfr_ws/src/arena-robot-simulation/install/mec_mobile_gazebo
[0.094s] -- The C compiler identification is GNU 13.3.0
[0.166s] -- The CXX compiler identification is GNU 13.3.0
[0.191s] -- Detecting C compiler ABI info
[0.314s] -- Detecting C compiler ABI info - done
[0.326s] -- Check for working C compiler: /usr/bin/cc - skipped
[0.327s] -- Detecting C compile features
[0.327s] -- Detecting C compile features - done
[0.340s] -- Detecting CXX compiler ABI info
[0.479s] -- Detecting CXX compiler ABI info - done
[0.493s] -- Check for working CXX compiler: /usr/bin/c++ - skipped
[0.493s] -- Detecting CXX compile features
[0.493s] -- Detecting CXX compile features - done
[0.498s] -- Found ament_cmake: 2.5.4 (/opt/ros/jazzy/share/ament_cmake/cmake)
[0.718s] -- Found Python3: /usr/bin/python3 (found version "3.12.3") found components: Interpreter 
[0.824s] -- Override CMake install command with custom implementation using symlinks instead of copying resources
[0.880s] -- Found ros_gz_sim: 1.0.16 (/opt/ros/jazzy/share/ros_gz_sim/cmake)
[0.951s] -- Found rosidl_generator_c: 4.6.6 (/opt/ros/jazzy/share/rosidl_generator_c/cmake)
[0.969s] -- Found rosidl_generator_cpp: 4.6.6 (/opt/ros/jazzy/share/rosidl_generator_cpp/cmake)
[0.993s] -- Using all available rosidl_typesupport_c: rosidl_typesupport_fastrtps_c;rosidl_typesupport_introspection_c
[1.023s] -- Using all available rosidl_typesupport_cpp: rosidl_typesupport_fastrtps_cpp;rosidl_typesupport_introspection_cpp
[1.132s] -- Found rmw_implementation_cmake: 7.3.2 (/opt/ros/jazzy/share/rmw_implementation_cmake/cmake)
[1.137s] -- Found rmw_fastrtps_cpp: 8.4.3 (/opt/ros/jazzy/share/rmw_fastrtps_cpp/cmake)
[1.259s] -- Found OpenSSL: /usr/lib/x86_64-linux-gnu/libcrypto.so (found version "3.0.13")  
[1.291s] -- Found FastRTPS: /opt/ros/jazzy/include (Required is at least version "2.13") 
[1.332s] -- Using RMW implementation 'rmw_fastrtps_cpp' as default
[1.664s] -- Found ament_lint_auto: 0.17.3 (/opt/ros/jazzy/share/ament_lint_auto/cmake)
[1.816s] -- Added test 'flake8' to check Python code syntax and style conventions
[1.816s] -- Configured 'flake8' exclude dirs and/or files: 
[1.817s] -- Added test 'lint_cmake' to check CMake code style
[1.818s] -- Added test 'pep257' to check Python code against some of the docstring style conventions in PEP 257
[1.819s] -- Added test 'xmllint' to check XML markup files
[1.822s] -- Configuring done (1.8s)
[1.828s] -- Generating done (0.0s)
[1.830s] -- Build files have been written to: /home/hephan/lfr_ws/src/arena-robot-simulation/build/mec_mobile_gazebo
[1.845s] Invoked command in '/home/hephan/lfr_ws/src/arena-robot-simulation/build/mec_mobile_gazebo' returned '0': CMAKE_PREFIX_PATH=${CMAKE_PREFIX_PATH}:/opt/ros/jazzy DEBUGINFOD_URLS=https://debuginfod.ubuntu.com /usr/bin/cmake /home/hephan/lfr_ws/src/arena-robot-simulation/mec_mobile_gazebo -DAMENT_CMAKE_SYMLINK_INSTALL=1 -DCMAKE_INSTALL_PREFIX=/home/hephan/lfr_ws/src/arena-robot-simulation/install/mec_mobile_gazebo
[1.847s] Invoking command in '/home/hephan/lfr_ws/src/arena-robot-simulation/build/mec_mobile_gazebo': CMAKE_PREFIX_PATH=${CMAKE_PREFIX_PATH}:/opt/ros/jazzy DEBUGINFOD_URLS=https://debuginfod.ubuntu.com /usr/bin/cmake --build /home/hephan/lfr_ws/src/arena-robot-simulation/build/mec_mobile_gazebo -- -j22 -l22
[1.909s] Invoked command in '/home/hephan/lfr_ws/src/arena-robot-simulation/build/mec_mobile_gazebo' returned '0': CMAKE_PREFIX_PATH=${CMAKE_PREFIX_PATH}:/opt/ros/jazzy DEBUGINFOD_URLS=https://debuginfod.ubuntu.com /usr/bin/cmake --build /home/hephan/lfr_ws/src/arena-robot-simulation/build/mec_mobile_gazebo -- -j22 -l22
[1.912s] Invoking command in '/home/hephan/lfr_ws/src/arena-robot-simulation/build/mec_mobile_gazebo': CMAKE_PREFIX_PATH=${CMAKE_PREFIX_PATH}:/opt/ros/jazzy DEBUGINFOD_URLS=https://debuginfod.ubuntu.com /usr/bin/cmake --install /home/hephan/lfr_ws/src/arena-robot-simulation/build/mec_mobile_gazebo
[1.924s] -- Install configuration: ""
[1.925s] -- Execute custom install script
[1.925s] -- Symlinking: /home/hephan/lfr_ws/src/arena-robot-simulation/install/mec_mobile_gazebo/share/mec_mobile_gazebo/launch/spawn_robot.launch.py
[1.940s] -- Symlinking: /home/hephan/lfr_ws/src/arena-robot-simulation/install/mec_mobile_gazebo/share/mec_mobile_gazebo/launch/world.launch.py
[1.952s] -- Symlinking: /home/hephan/lfr_ws/src/arena-robot-simulation/install/mec_mobile_gazebo/share/mec_mobile_gazebo/worlds/empty.sdf
[1.964s] -- Symlinking: /home/hephan/lfr_ws/src/arena-robot-simulation/install/mec_mobile_gazebo/share/mec_mobile_gazebo/worlds/tugbot_warehouse.sdf
[1.977s] -- Symlinking: /home/hephan/lfr_ws/src/arena-robot-simulation/install/mec_mobile_gazebo/share/mec_mobile_gazebo/worlds/world.sdf
[1.989s] -- Symlinking: /home/hephan/lfr_ws/src/arena-robot-simulation/install/mec_mobile_gazebo/share/ament_index/resource_index/package_run_dependencies/mec_mobile_gazebo
[2.006s] -- Symlinking: /home/hephan/lfr_ws/src/arena-robot-simulation/install/mec_mobile_gazebo/share/ament_index/resource_index/parent_prefix_path/mec_mobile_gazebo
[2.020s] -- Symlinking: /home/hephan/lfr_ws/src/arena-robot-simulation/install/mec_mobile_gazebo/share/mec_mobile_gazebo/environment/ament_prefix_path.sh
[2.032s] -- Symlinking: /home/hephan/lfr_ws/src/arena-robot-simulation/install/mec_mobile_gazebo/share/mec_mobile_gazebo/environment/ament_prefix_path.dsv
[2.045s] -- Symlinking: /home/hephan/lfr_ws/src/arena-robot-simulation/install/mec_mobile_gazebo/share/mec_mobile_gazebo/environment/path.sh
[2.057s] -- Symlinking: /home/hephan/lfr_ws/src/arena-robot-simulation/install/mec_mobile_gazebo/share/mec_mobile_gazebo/environment/path.dsv
[2.072s] -- Symlinking: /home/hephan/lfr_ws/src/arena-robot-simulation/install/mec_mobile_gazebo/share/mec_mobile_gazebo/local_setup.bash
[2.086s] -- Symlinking: /home/hephan/lfr_ws/src/arena-robot-simulation/install/mec_mobile_gazebo/share/mec_mobile_gazebo/local_setup.sh
[2.098s] -- Symlinking: /home/hephan/lfr_ws/src/arena-robot-simulation/install/mec_mobile_gazebo/share/mec_mobile_gazebo/local_setup.zsh
[2.111s] -- Symlinking: /home/hephan/lfr_ws/src/arena-robot-simulation/install/mec_mobile_gazebo/share/mec_mobile_gazebo/local_setup.dsv
[2.126s] -- Symlinking: /home/hephan/lfr_ws/src/arena-robot-simulation/install/mec_mobile_gazebo/share/mec_mobile_gazebo/package.dsv
[2.141s] -- Symlinking: /home/hephan/lfr_ws/src/arena-robot-simulation/install/mec_mobile_gazebo/share/ament_index/resource_index/packages/mec_mobile_gazebo
[2.153s] -- Symlinking: /home/hephan/lfr_ws/src/arena-robot-simulation/install/mec_mobile_gazebo/share/mec_mobile_gazebo/cmake/mec_mobile_gazeboConfig.cmake
[2.164s] -- Symlinking: /home/hephan/lfr_ws/src/arena-robot-simulation/install/mec_mobile_gazebo/share/mec_mobile_gazebo/cmake/mec_mobile_gazeboConfig-version.cmake
[2.178s] -- Symlinking: /home/hephan/lfr_ws/src/arena-robot-simulation/install/mec_mobile_gazebo/share/mec_mobile_gazebo/package.xml
[2.193s] Invoked command in '/home/hephan/lfr_ws/src/arena-robot-simulation/build/mec_mobile_gazebo' returned '0': CMAKE_PREFIX_PATH=${CMAKE_PREFIX_PATH}:/opt/ros/jazzy DEBUGINFOD_URLS=https://debuginfod.ubuntu.com /usr/bin/cmake --install /home/hephan/lfr_ws/src/arena-robot-simulation/build/mec_mobile_gazebo
