[0.110s] [34mcolcon[0m [1;30mDEBUG[0m [32mCommand line arguments: ['/usr/bin/colcon', 'build', '--symlink-install'][0m
[0.110s] [34mcolcon[0m [1;30mDEBUG[0m [32mParsed command line arguments: Namespace(log_base=None, log_level=None, verb_name='build', build_base='build', install_base='install', merge_install=False, symlink_install=True, test_result_base=None, continue_on_error=False, executor='parallel', parallel_workers=22, event_handlers=None, ignore_user_meta=False, metas=['./colcon.meta'], base_paths=['.'], packages_ignore=None, packages_ignore_regex=None, paths=None, packages_up_to=None, packages_up_to_regex=None, packages_above=None, packages_above_and_dependencies=None, packages_above_depth=None, packages_select_by_dep=None, packages_skip_by_dep=None, packages_skip_up_to=None, packages_select_build_failed=False, packages_skip_build_finished=False, packages_select_test_failures=False, packages_skip_test_passed=False, packages_select=None, packages_skip=None, packages_select_regex=None, packages_skip_regex=None, packages_start=None, packages_end=None, cmake_args=None, cmake_target=None, cmake_target_skip_unavailable=False, cmake_clean_cache=False, cmake_clean_first=False, cmake_force_configure=False, ament_cmake_args=None, catkin_cmake_args=None, catkin_skip_building_tests=False, verb_parser=<colcon_defaults.argument_parser.defaults.DefaultArgumentsDecorator object at 0x7f834046c620>, verb_extension=<colcon_core.verb.build.BuildVerb object at 0x7f83403ea4e0>, main=<bound method BuildVerb.main of <colcon_core.verb.build.BuildVerb object at 0x7f83403ea4e0>>)[0m
[0.149s] [34mcolcon.colcon_core.package_discovery[0m [1;30mLevel 1[0m discover_packages(colcon_meta) check parameters
[0.149s] [34mcolcon.colcon_core.package_discovery[0m [1;30mLevel 1[0m discover_packages(recursive) check parameters
[0.149s] [34mcolcon.colcon_core.package_discovery[0m [1;30mLevel 1[0m discover_packages(ignore) check parameters
[0.149s] [34mcolcon.colcon_core.package_discovery[0m [1;30mLevel 1[0m discover_packages(path) check parameters
[0.149s] [34mcolcon.colcon_core.package_discovery[0m [1;30mLevel 1[0m discover_packages(colcon_meta) discover
[0.149s] [34mcolcon.colcon_core.package_discovery[0m [1;30mLevel 1[0m discover_packages(recursive) discover
[0.149s] [34mcolcon.colcon_core.package_discovery[0m [1;30mINFO[0m Crawling recursively for packages in '/home/hephan/lfr_ws/src/arena-robot-simulation'
[0.149s] [34mcolcon.colcon_core.package_identification[0m [1;30mLevel 1[0m _identify(.) by extensions ['ignore', 'ignore_ament_install']
[0.149s] [34mcolcon.colcon_core.package_identification[0m [1;30mLevel 1[0m _identify(.) by extension 'ignore'
[0.149s] [34mcolcon.colcon_core.package_identification[0m [1;30mLevel 1[0m _identify(.) by extension 'ignore_ament_install'
[0.149s] [34mcolcon.colcon_core.package_identification[0m [1;30mLevel 1[0m _identify(.) by extensions ['colcon_pkg']
[0.149s] [34mcolcon.colcon_core.package_identification[0m [1;30mLevel 1[0m _identify(.) by extension 'colcon_pkg'
[0.149s] [34mcolcon.colcon_core.package_identification[0m [1;30mLevel 1[0m _identify(.) by extensions ['colcon_meta']
[0.149s] [34mcolcon.colcon_core.package_identification[0m [1;30mLevel 1[0m _identify(.) by extension 'colcon_meta'
[0.150s] [34mcolcon.colcon_core.package_identification[0m [1;30mLevel 1[0m _identify(.) by extensions ['ros']
[0.150s] [34mcolcon.colcon_core.package_identification[0m [1;30mLevel 1[0m _identify(.) by extension 'ros'
[0.175s] [34mcolcon.colcon_core.package_identification[0m [1;30mLevel 1[0m _identify(.) by extensions ['cmake', 'python']
[0.175s] [34mcolcon.colcon_core.package_identification[0m [1;30mLevel 1[0m _identify(.) by extension 'cmake'
[0.175s] [34mcolcon.colcon_core.package_identification[0m [1;30mLevel 1[0m _identify(.) by extension 'python'
[0.175s] [34mcolcon.colcon_core.package_identification[0m [1;30mLevel 1[0m _identify(.) by extensions ['python_setup_py']
[0.175s] [34mcolcon.colcon_core.package_identification[0m [1;30mLevel 1[0m _identify(.) by extension 'python_setup_py'
[0.175s] [34mcolcon.colcon_core.package_identification[0m [1;30mLevel 1[0m _identify(build) by extensions ['ignore', 'ignore_ament_install']
[0.176s] [34mcolcon.colcon_core.package_identification[0m [1;30mLevel 1[0m _identify(build) by extension 'ignore'
[0.176s] [34mcolcon.colcon_core.package_identification[0m [1;30mLevel 1[0m _identify(build) ignored
[0.176s] [34mcolcon.colcon_core.package_identification[0m [1;30mLevel 1[0m _identify(install) by extensions ['ignore', 'ignore_ament_install']
[0.176s] [34mcolcon.colcon_core.package_identification[0m [1;30mLevel 1[0m _identify(install) by extension 'ignore'
[0.176s] [34mcolcon.colcon_core.package_identification[0m [1;30mLevel 1[0m _identify(install) ignored
[0.176s] [34mcolcon.colcon_core.package_identification[0m [1;30mLevel 1[0m _identify(log) by extensions ['ignore', 'ignore_ament_install']
[0.176s] [34mcolcon.colcon_core.package_identification[0m [1;30mLevel 1[0m _identify(log) by extension 'ignore'
[0.176s] [34mcolcon.colcon_core.package_identification[0m [1;30mLevel 1[0m _identify(log) ignored
[0.176s] [34mcolcon.colcon_core.package_identification[0m [1;30mLevel 1[0m _identify(mec_mobile) by extensions ['ignore', 'ignore_ament_install']
[0.176s] [34mcolcon.colcon_core.package_identification[0m [1;30mLevel 1[0m _identify(mec_mobile) by extension 'ignore'
[0.176s] [34mcolcon.colcon_core.package_identification[0m [1;30mLevel 1[0m _identify(mec_mobile) by extension 'ignore_ament_install'
[0.176s] [34mcolcon.colcon_core.package_identification[0m [1;30mLevel 1[0m _identify(mec_mobile) by extensions ['colcon_pkg']
[0.176s] [34mcolcon.colcon_core.package_identification[0m [1;30mLevel 1[0m _identify(mec_mobile) by extension 'colcon_pkg'
[0.176s] [34mcolcon.colcon_core.package_identification[0m [1;30mLevel 1[0m _identify(mec_mobile) by extensions ['colcon_meta']
[0.176s] [34mcolcon.colcon_core.package_identification[0m [1;30mLevel 1[0m _identify(mec_mobile) by extension 'colcon_meta'
[0.176s] [34mcolcon.colcon_core.package_identification[0m [1;30mLevel 1[0m _identify(mec_mobile) by extensions ['ros']
[0.176s] [34mcolcon.colcon_core.package_identification[0m [1;30mLevel 1[0m _identify(mec_mobile) by extension 'ros'
[0.179s] [34mcolcon.colcon_core.package_identification[0m [1;30mDEBUG[0m [32mPackage 'mec_mobile' with type 'ros.ament_cmake' and name 'mec_mobile'[0m
[0.179s] [34mcolcon.colcon_core.package_identification[0m [1;30mLevel 1[0m _identify(mec_mobile_description) by extensions ['ignore', 'ignore_ament_install']
[0.179s] [34mcolcon.colcon_core.package_identification[0m [1;30mLevel 1[0m _identify(mec_mobile_description) by extension 'ignore'
[0.179s] [34mcolcon.colcon_core.package_identification[0m [1;30mLevel 1[0m _identify(mec_mobile_description) by extension 'ignore_ament_install'
[0.179s] [34mcolcon.colcon_core.package_identification[0m [1;30mLevel 1[0m _identify(mec_mobile_description) by extensions ['colcon_pkg']
[0.179s] [34mcolcon.colcon_core.package_identification[0m [1;30mLevel 1[0m _identify(mec_mobile_description) by extension 'colcon_pkg'
[0.179s] [34mcolcon.colcon_core.package_identification[0m [1;30mLevel 1[0m _identify(mec_mobile_description) by extensions ['colcon_meta']
[0.179s] [34mcolcon.colcon_core.package_identification[0m [1;30mLevel 1[0m _identify(mec_mobile_description) by extension 'colcon_meta'
[0.179s] [34mcolcon.colcon_core.package_identification[0m [1;30mLevel 1[0m _identify(mec_mobile_description) by extensions ['ros']
[0.179s] [34mcolcon.colcon_core.package_identification[0m [1;30mLevel 1[0m _identify(mec_mobile_description) by extension 'ros'
[0.180s] [34mcolcon.colcon_core.package_identification[0m [1;30mDEBUG[0m [32mPackage 'mec_mobile_description' with type 'ros.ament_cmake' and name 'mec_mobile_description'[0m
[0.180s] [34mcolcon.colcon_core.package_identification[0m [1;30mLevel 1[0m _identify(mec_mobile_gazebo) by extensions ['ignore', 'ignore_ament_install']
[0.180s] [34mcolcon.colcon_core.package_identification[0m [1;30mLevel 1[0m _identify(mec_mobile_gazebo) by extension 'ignore'
[0.180s] [34mcolcon.colcon_core.package_identification[0m [1;30mLevel 1[0m _identify(mec_mobile_gazebo) by extension 'ignore_ament_install'
[0.180s] [34mcolcon.colcon_core.package_identification[0m [1;30mLevel 1[0m _identify(mec_mobile_gazebo) by extensions ['colcon_pkg']
[0.180s] [34mcolcon.colcon_core.package_identification[0m [1;30mLevel 1[0m _identify(mec_mobile_gazebo) by extension 'colcon_pkg'
[0.180s] [34mcolcon.colcon_core.package_identification[0m [1;30mLevel 1[0m _identify(mec_mobile_gazebo) by extensions ['colcon_meta']
[0.180s] [34mcolcon.colcon_core.package_identification[0m [1;30mLevel 1[0m _identify(mec_mobile_gazebo) by extension 'colcon_meta'
[0.180s] [34mcolcon.colcon_core.package_identification[0m [1;30mLevel 1[0m _identify(mec_mobile_gazebo) by extensions ['ros']
[0.180s] [34mcolcon.colcon_core.package_identification[0m [1;30mLevel 1[0m _identify(mec_mobile_gazebo) by extension 'ros'
[0.181s] [34mcolcon.colcon_core.package_identification[0m [1;30mDEBUG[0m [32mPackage 'mec_mobile_gazebo' with type 'ros.ament_cmake' and name 'mec_mobile_gazebo'[0m
[0.181s] [34mcolcon.colcon_core.package_identification[0m [1;30mLevel 1[0m _identify(mec_mobile_navigation) by extensions ['ignore', 'ignore_ament_install']
[0.181s] [34mcolcon.colcon_core.package_identification[0m [1;30mLevel 1[0m _identify(mec_mobile_navigation) by extension 'ignore'
[0.181s] [34mcolcon.colcon_core.package_identification[0m [1;30mLevel 1[0m _identify(mec_mobile_navigation) by extension 'ignore_ament_install'
[0.181s] [34mcolcon.colcon_core.package_identification[0m [1;30mLevel 1[0m _identify(mec_mobile_navigation) by extensions ['colcon_pkg']
[0.181s] [34mcolcon.colcon_core.package_identification[0m [1;30mLevel 1[0m _identify(mec_mobile_navigation) by extension 'colcon_pkg'
[0.181s] [34mcolcon.colcon_core.package_identification[0m [1;30mLevel 1[0m _identify(mec_mobile_navigation) by extensions ['colcon_meta']
[0.181s] [34mcolcon.colcon_core.package_identification[0m [1;30mLevel 1[0m _identify(mec_mobile_navigation) by extension 'colcon_meta'
[0.181s] [34mcolcon.colcon_core.package_identification[0m [1;30mLevel 1[0m _identify(mec_mobile_navigation) by extensions ['ros']
[0.181s] [34mcolcon.colcon_core.package_identification[0m [1;30mLevel 1[0m _identify(mec_mobile_navigation) by extension 'ros'
[0.182s] [34mcolcon.colcon_core.package_identification[0m [1;30mDEBUG[0m [32mPackage 'mec_mobile_navigation' with type 'ros.ament_cmake' and name 'mec_mobile_navigation'[0m
[0.182s] [34mcolcon.colcon_core.package_discovery[0m [1;30mLevel 1[0m discover_packages(recursive) using defaults
[0.182s] [34mcolcon.colcon_core.package_discovery[0m [1;30mLevel 1[0m discover_packages(ignore) discover
[0.182s] [34mcolcon.colcon_core.package_discovery[0m [1;30mLevel 1[0m discover_packages(ignore) using defaults
[0.182s] [34mcolcon.colcon_core.package_discovery[0m [1;30mLevel 1[0m discover_packages(path) discover
[0.182s] [34mcolcon.colcon_core.package_discovery[0m [1;30mLevel 1[0m discover_packages(path) using defaults
[0.198s] [34mcolcon.colcon_core.verb[0m [1;30mLevel 5[0m set package 'mec_mobile_description' build argument 'cmake_args' from command line to 'None'
[0.198s] [34mcolcon.colcon_core.verb[0m [1;30mLevel 5[0m set package 'mec_mobile_description' build argument 'cmake_target' from command line to 'None'
[0.198s] [34mcolcon.colcon_core.verb[0m [1;30mLevel 5[0m set package 'mec_mobile_description' build argument 'cmake_target_skip_unavailable' from command line to 'False'
[0.198s] [34mcolcon.colcon_core.verb[0m [1;30mLevel 5[0m set package 'mec_mobile_description' build argument 'cmake_clean_cache' from command line to 'False'
[0.198s] [34mcolcon.colcon_core.verb[0m [1;30mLevel 5[0m set package 'mec_mobile_description' build argument 'cmake_clean_first' from command line to 'False'
[0.198s] [34mcolcon.colcon_core.verb[0m [1;30mLevel 5[0m set package 'mec_mobile_description' build argument 'cmake_force_configure' from command line to 'False'
[0.198s] [34mcolcon.colcon_core.verb[0m [1;30mLevel 5[0m set package 'mec_mobile_description' build argument 'ament_cmake_args' from command line to 'None'
[0.198s] [34mcolcon.colcon_core.verb[0m [1;30mLevel 5[0m set package 'mec_mobile_description' build argument 'catkin_cmake_args' from command line to 'None'
[0.199s] [34mcolcon.colcon_core.verb[0m [1;30mLevel 5[0m set package 'mec_mobile_description' build argument 'catkin_skip_building_tests' from command line to 'False'
[0.199s] [34mcolcon.colcon_core.verb[0m [1;30mDEBUG[0m [32mBuilding package 'mec_mobile_description' with the following arguments: {'ament_cmake_args': None, 'build_base': '/home/hephan/lfr_ws/src/arena-robot-simulation/build/mec_mobile_description', 'catkin_cmake_args': None, 'catkin_skip_building_tests': False, 'cmake_args': None, 'cmake_clean_cache': False, 'cmake_clean_first': False, 'cmake_force_configure': False, 'cmake_target': None, 'cmake_target_skip_unavailable': False, 'install_base': '/home/hephan/lfr_ws/src/arena-robot-simulation/install/mec_mobile_description', 'merge_install': False, 'path': '/home/hephan/lfr_ws/src/arena-robot-simulation/mec_mobile_description', 'symlink_install': True, 'test_result_base': None}[0m
[0.199s] [34mcolcon.colcon_core.verb[0m [1;30mLevel 5[0m set package 'mec_mobile_gazebo' build argument 'cmake_args' from command line to 'None'
[0.199s] [34mcolcon.colcon_core.verb[0m [1;30mLevel 5[0m set package 'mec_mobile_gazebo' build argument 'cmake_target' from command line to 'None'
[0.199s] [34mcolcon.colcon_core.verb[0m [1;30mLevel 5[0m set package 'mec_mobile_gazebo' build argument 'cmake_target_skip_unavailable' from command line to 'False'
[0.199s] [34mcolcon.colcon_core.verb[0m [1;30mLevel 5[0m set package 'mec_mobile_gazebo' build argument 'cmake_clean_cache' from command line to 'False'
[0.199s] [34mcolcon.colcon_core.verb[0m [1;30mLevel 5[0m set package 'mec_mobile_gazebo' build argument 'cmake_clean_first' from command line to 'False'
[0.199s] [34mcolcon.colcon_core.verb[0m [1;30mLevel 5[0m set package 'mec_mobile_gazebo' build argument 'cmake_force_configure' from command line to 'False'
[0.199s] [34mcolcon.colcon_core.verb[0m [1;30mLevel 5[0m set package 'mec_mobile_gazebo' build argument 'ament_cmake_args' from command line to 'None'
[0.199s] [34mcolcon.colcon_core.verb[0m [1;30mLevel 5[0m set package 'mec_mobile_gazebo' build argument 'catkin_cmake_args' from command line to 'None'
[0.199s] [34mcolcon.colcon_core.verb[0m [1;30mLevel 5[0m set package 'mec_mobile_gazebo' build argument 'catkin_skip_building_tests' from command line to 'False'
[0.199s] [34mcolcon.colcon_core.verb[0m [1;30mDEBUG[0m [32mBuilding package 'mec_mobile_gazebo' with the following arguments: {'ament_cmake_args': None, 'build_base': '/home/hephan/lfr_ws/src/arena-robot-simulation/build/mec_mobile_gazebo', 'catkin_cmake_args': None, 'catkin_skip_building_tests': False, 'cmake_args': None, 'cmake_clean_cache': False, 'cmake_clean_first': False, 'cmake_force_configure': False, 'cmake_target': None, 'cmake_target_skip_unavailable': False, 'install_base': '/home/hephan/lfr_ws/src/arena-robot-simulation/install/mec_mobile_gazebo', 'merge_install': False, 'path': '/home/hephan/lfr_ws/src/arena-robot-simulation/mec_mobile_gazebo', 'symlink_install': True, 'test_result_base': None}[0m
[0.199s] [34mcolcon.colcon_core.verb[0m [1;30mLevel 5[0m set package 'mec_mobile_navigation' build argument 'cmake_args' from command line to 'None'
[0.199s] [34mcolcon.colcon_core.verb[0m [1;30mLevel 5[0m set package 'mec_mobile_navigation' build argument 'cmake_target' from command line to 'None'
[0.199s] [34mcolcon.colcon_core.verb[0m [1;30mLevel 5[0m set package 'mec_mobile_navigation' build argument 'cmake_target_skip_unavailable' from command line to 'False'
[0.199s] [34mcolcon.colcon_core.verb[0m [1;30mLevel 5[0m set package 'mec_mobile_navigation' build argument 'cmake_clean_cache' from command line to 'False'
[0.199s] [34mcolcon.colcon_core.verb[0m [1;30mLevel 5[0m set package 'mec_mobile_navigation' build argument 'cmake_clean_first' from command line to 'False'
[0.199s] [34mcolcon.colcon_core.verb[0m [1;30mLevel 5[0m set package 'mec_mobile_navigation' build argument 'cmake_force_configure' from command line to 'False'
[0.199s] [34mcolcon.colcon_core.verb[0m [1;30mLevel 5[0m set package 'mec_mobile_navigation' build argument 'ament_cmake_args' from command line to 'None'
[0.199s] [34mcolcon.colcon_core.verb[0m [1;30mLevel 5[0m set package 'mec_mobile_navigation' build argument 'catkin_cmake_args' from command line to 'None'
[0.199s] [34mcolcon.colcon_core.verb[0m [1;30mLevel 5[0m set package 'mec_mobile_navigation' build argument 'catkin_skip_building_tests' from command line to 'False'
[0.199s] [34mcolcon.colcon_core.verb[0m [1;30mDEBUG[0m [32mBuilding package 'mec_mobile_navigation' with the following arguments: {'ament_cmake_args': None, 'build_base': '/home/hephan/lfr_ws/src/arena-robot-simulation/build/mec_mobile_navigation', 'catkin_cmake_args': None, 'catkin_skip_building_tests': False, 'cmake_args': None, 'cmake_clean_cache': False, 'cmake_clean_first': False, 'cmake_force_configure': False, 'cmake_target': None, 'cmake_target_skip_unavailable': False, 'install_base': '/home/hephan/lfr_ws/src/arena-robot-simulation/install/mec_mobile_navigation', 'merge_install': False, 'path': '/home/hephan/lfr_ws/src/arena-robot-simulation/mec_mobile_navigation', 'symlink_install': True, 'test_result_base': None}[0m
[0.200s] [34mcolcon.colcon_core.verb[0m [1;30mLevel 5[0m set package 'mec_mobile' build argument 'cmake_args' from command line to 'None'
[0.200s] [34mcolcon.colcon_core.verb[0m [1;30mLevel 5[0m set package 'mec_mobile' build argument 'cmake_target' from command line to 'None'
[0.200s] [34mcolcon.colcon_core.verb[0m [1;30mLevel 5[0m set package 'mec_mobile' build argument 'cmake_target_skip_unavailable' from command line to 'False'
[0.200s] [34mcolcon.colcon_core.verb[0m [1;30mLevel 5[0m set package 'mec_mobile' build argument 'cmake_clean_cache' from command line to 'False'
[0.200s] [34mcolcon.colcon_core.verb[0m [1;30mLevel 5[0m set package 'mec_mobile' build argument 'cmake_clean_first' from command line to 'False'
[0.200s] [34mcolcon.colcon_core.verb[0m [1;30mLevel 5[0m set package 'mec_mobile' build argument 'cmake_force_configure' from command line to 'False'
[0.200s] [34mcolcon.colcon_core.verb[0m [1;30mLevel 5[0m set package 'mec_mobile' build argument 'ament_cmake_args' from command line to 'None'
[0.200s] [34mcolcon.colcon_core.verb[0m [1;30mLevel 5[0m set package 'mec_mobile' build argument 'catkin_cmake_args' from command line to 'None'
[0.200s] [34mcolcon.colcon_core.verb[0m [1;30mLevel 5[0m set package 'mec_mobile' build argument 'catkin_skip_building_tests' from command line to 'False'
[0.200s] [34mcolcon.colcon_core.verb[0m [1;30mDEBUG[0m [32mBuilding package 'mec_mobile' with the following arguments: {'ament_cmake_args': None, 'build_base': '/home/hephan/lfr_ws/src/arena-robot-simulation/build/mec_mobile', 'catkin_cmake_args': None, 'catkin_skip_building_tests': False, 'cmake_args': None, 'cmake_clean_cache': False, 'cmake_clean_first': False, 'cmake_force_configure': False, 'cmake_target': None, 'cmake_target_skip_unavailable': False, 'install_base': '/home/hephan/lfr_ws/src/arena-robot-simulation/install/mec_mobile', 'merge_install': False, 'path': '/home/hephan/lfr_ws/src/arena-robot-simulation/mec_mobile', 'symlink_install': True, 'test_result_base': None}[0m
[0.200s] [34mcolcon.colcon_core.executor[0m [1;30mINFO[0m Executing jobs using 'parallel' executor
[0.201s] [34mcolcon.colcon_parallel_executor.executor.parallel[0m [1;30mDEBUG[0m [32mrun_until_complete[0m
[0.201s] [34mcolcon.colcon_ros.task.ament_cmake.build[0m [1;30mINFO[0m Building ROS package in '/home/hephan/lfr_ws/src/arena-robot-simulation/mec_mobile_description' with build type 'ament_cmake'
[0.201s] [34mcolcon.colcon_cmake.task.cmake.build[0m [1;30mINFO[0m Building CMake package in '/home/hephan/lfr_ws/src/arena-robot-simulation/mec_mobile_description'
[0.204s] [34mcolcon.colcon_core.plugin_system[0m [1;30mINFO[0m Skipping extension 'colcon_core.shell.bat': Not used on non-Windows systems
[0.204s] [34mcolcon.colcon_core.shell[0m [1;30mDEBUG[0m [32mSkip shell extension 'dsv' for command environment[0m
[0.210s] [34mcolcon.colcon_ros.task.ament_cmake.build[0m [1;30mINFO[0m Building ROS package in '/home/hephan/lfr_ws/src/arena-robot-simulation/mec_mobile_gazebo' with build type 'ament_cmake'
[0.210s] [34mcolcon.colcon_cmake.task.cmake.build[0m [1;30mINFO[0m Building CMake package in '/home/hephan/lfr_ws/src/arena-robot-simulation/mec_mobile_gazebo'
[0.210s] [34mcolcon.colcon_core.shell[0m [1;30mDEBUG[0m [32mSkip shell extension 'dsv' for command environment[0m
[0.215s] [34mcolcon.colcon_ros.task.ament_cmake.build[0m [1;30mINFO[0m Building ROS package in '/home/hephan/lfr_ws/src/arena-robot-simulation/mec_mobile_navigation' with build type 'ament_cmake'
[0.215s] [34mcolcon.colcon_cmake.task.cmake.build[0m [1;30mINFO[0m Building CMake package in '/home/hephan/lfr_ws/src/arena-robot-simulation/mec_mobile_navigation'
[0.215s] [34mcolcon.colcon_core.shell[0m [1;30mDEBUG[0m [32mSkip shell extension 'dsv' for command environment[0m
[0.223s] [34mcolcon.colcon_core.event_handler.log_command[0m [1;30mDEBUG[0m [32mInvoking command in '/home/hephan/lfr_ws/src/arena-robot-simulation/build/mec_mobile_description': CMAKE_PREFIX_PATH=${CMAKE_PREFIX_PATH}:/opt/ros/jazzy DEBUGINFOD_URLS=https://debuginfod.ubuntu.com /usr/bin/cmake --build /home/hephan/lfr_ws/src/arena-robot-simulation/build/mec_mobile_description -- -j22 -l22[0m
[0.225s] [34mcolcon.colcon_core.event_handler.log_command[0m [1;30mDEBUG[0m [32mInvoking command in '/home/hephan/lfr_ws/src/arena-robot-simulation/build/mec_mobile_gazebo': CMAKE_PREFIX_PATH=${CMAKE_PREFIX_PATH}:/opt/ros/jazzy DEBUGINFOD_URLS=https://debuginfod.ubuntu.com /usr/bin/cmake --build /home/hephan/lfr_ws/src/arena-robot-simulation/build/mec_mobile_gazebo -- -j22 -l22[0m
[0.230s] [34mcolcon.colcon_core.event_handler.log_command[0m [1;30mDEBUG[0m [32mInvoking command in '/home/hephan/lfr_ws/src/arena-robot-simulation/build/mec_mobile_navigation': CMAKE_PREFIX_PATH=${CMAKE_PREFIX_PATH}:/opt/ros/jazzy DEBUGINFOD_URLS=https://debuginfod.ubuntu.com /usr/bin/cmake --build /home/hephan/lfr_ws/src/arena-robot-simulation/build/mec_mobile_navigation -- -j22 -l22[0m
[0.283s] [34mcolcon.colcon_core.event_handler.log_command[0m [1;30mDEBUG[0m [32mInvoked command in '/home/hephan/lfr_ws/src/arena-robot-simulation/build/mec_mobile_description' returned '0': CMAKE_PREFIX_PATH=${CMAKE_PREFIX_PATH}:/opt/ros/jazzy DEBUGINFOD_URLS=https://debuginfod.ubuntu.com /usr/bin/cmake --build /home/hephan/lfr_ws/src/arena-robot-simulation/build/mec_mobile_description -- -j22 -l22[0m
[0.297s] [34mcolcon.colcon_core.event_handler.log_command[0m [1;30mDEBUG[0m [32mInvoking command in '/home/hephan/lfr_ws/src/arena-robot-simulation/build/mec_mobile_description': CMAKE_PREFIX_PATH=${CMAKE_PREFIX_PATH}:/opt/ros/jazzy DEBUGINFOD_URLS=https://debuginfod.ubuntu.com /usr/bin/cmake --install /home/hephan/lfr_ws/src/arena-robot-simulation/build/mec_mobile_description[0m
[0.300s] [34mcolcon.colcon_core.event_handler.log_command[0m [1;30mDEBUG[0m [32mInvoked command in '/home/hephan/lfr_ws/src/arena-robot-simulation/build/mec_mobile_navigation' returned '0': CMAKE_PREFIX_PATH=${CMAKE_PREFIX_PATH}:/opt/ros/jazzy DEBUGINFOD_URLS=https://debuginfod.ubuntu.com /usr/bin/cmake --build /home/hephan/lfr_ws/src/arena-robot-simulation/build/mec_mobile_navigation -- -j22 -l22[0m
[0.301s] [34mcolcon.colcon_core.event_handler.log_command[0m [1;30mDEBUG[0m [32mInvoking command in '/home/hephan/lfr_ws/src/arena-robot-simulation/build/mec_mobile_navigation': CMAKE_PREFIX_PATH=${CMAKE_PREFIX_PATH}:/opt/ros/jazzy DEBUGINFOD_URLS=https://debuginfod.ubuntu.com /usr/bin/cmake --install /home/hephan/lfr_ws/src/arena-robot-simulation/build/mec_mobile_navigation[0m
[0.302s] [34mcolcon.colcon_core.event_handler.log_command[0m [1;30mDEBUG[0m [32mInvoked command in '/home/hephan/lfr_ws/src/arena-robot-simulation/build/mec_mobile_gazebo' returned '0': CMAKE_PREFIX_PATH=${CMAKE_PREFIX_PATH}:/opt/ros/jazzy DEBUGINFOD_URLS=https://debuginfod.ubuntu.com /usr/bin/cmake --build /home/hephan/lfr_ws/src/arena-robot-simulation/build/mec_mobile_gazebo -- -j22 -l22[0m
[0.303s] [34mcolcon.colcon_core.event_handler.log_command[0m [1;30mDEBUG[0m [32mInvoking command in '/home/hephan/lfr_ws/src/arena-robot-simulation/build/mec_mobile_gazebo': CMAKE_PREFIX_PATH=${CMAKE_PREFIX_PATH}:/opt/ros/jazzy DEBUGINFOD_URLS=https://debuginfod.ubuntu.com /usr/bin/cmake --install /home/hephan/lfr_ws/src/arena-robot-simulation/build/mec_mobile_gazebo[0m
[0.329s] [34mcolcon.colcon_core.environment[0m [1;30mLevel 1[0m create_environment_scripts_only(mec_mobile_description)
[0.329s] [34mcolcon.colcon_core.event_handler.log_command[0m [1;30mDEBUG[0m [32mInvoked command in '/home/hephan/lfr_ws/src/arena-robot-simulation/build/mec_mobile_description' returned '0': CMAKE_PREFIX_PATH=${CMAKE_PREFIX_PATH}:/opt/ros/jazzy DEBUGINFOD_URLS=https://debuginfod.ubuntu.com /usr/bin/cmake --install /home/hephan/lfr_ws/src/arena-robot-simulation/build/mec_mobile_description[0m
[0.333s] [34mcolcon.colcon_core.environment[0m [1;30mLevel 1[0m checking '/home/hephan/lfr_ws/src/arena-robot-simulation/install/mec_mobile_description' for CMake module files
[0.335s] [34mcolcon.colcon_core.environment[0m [1;30mLevel 1[0m checking '/home/hephan/lfr_ws/src/arena-robot-simulation/install/mec_mobile_description' for CMake config files
[0.335s] [34mcolcon.colcon_core.shell[0m [1;30mLevel 1[0m create_environment_hook('mec_mobile_description', 'cmake_prefix_path')
[0.335s] [34mcolcon.colcon_core.shell[0m [1;30mINFO[0m Creating environment descriptor '/home/hephan/lfr_ws/src/arena-robot-simulation/install/mec_mobile_description/share/mec_mobile_description/hook/cmake_prefix_path.dsv'
[0.336s] [34mcolcon.colcon_core.shell[0m [1;30mINFO[0m Creating environment hook '/home/hephan/lfr_ws/src/arena-robot-simulation/install/mec_mobile_description/share/mec_mobile_description/hook/cmake_prefix_path.sh'
[0.337s] [34mcolcon.colcon_core.environment[0m [1;30mLevel 1[0m checking '/home/hephan/lfr_ws/src/arena-robot-simulation/install/mec_mobile_description/bin'
[0.337s] [34mcolcon.colcon_core.environment[0m [1;30mLevel 1[0m checking '/home/hephan/lfr_ws/src/arena-robot-simulation/install/mec_mobile_description/lib/pkgconfig/mec_mobile_description.pc'
[0.340s] [34mcolcon.colcon_core.environment[0m [1;30mLevel 1[0m checking '/home/hephan/lfr_ws/src/arena-robot-simulation/install/mec_mobile_description/lib/python3.12/site-packages'
[0.340s] [34mcolcon.colcon_core.environment[0m [1;30mLevel 1[0m checking '/home/hephan/lfr_ws/src/arena-robot-simulation/install/mec_mobile_description/bin'
[0.341s] [34mcolcon.colcon_core.shell[0m [1;30mINFO[0m Creating package descriptor '/home/hephan/lfr_ws/src/arena-robot-simulation/install/mec_mobile_description/share/mec_mobile_description/package.dsv'
[0.342s] [34mcolcon.colcon_core.shell[0m [1;30mINFO[0m Creating package script '/home/hephan/lfr_ws/src/arena-robot-simulation/install/mec_mobile_description/share/mec_mobile_description/package.sh'
[0.342s] [34mcolcon.colcon_core.shell[0m [1;30mINFO[0m Creating package script '/home/hephan/lfr_ws/src/arena-robot-simulation/install/mec_mobile_description/share/mec_mobile_description/package.bash'
[0.343s] [34mcolcon.colcon_core.shell[0m [1;30mINFO[0m Creating package script '/home/hephan/lfr_ws/src/arena-robot-simulation/install/mec_mobile_description/share/mec_mobile_description/package.zsh'
[0.344s] [34mcolcon.colcon_core.environment[0m [1;30mLevel 1[0m create_file_with_runtime_dependencies(/home/hephan/lfr_ws/src/arena-robot-simulation/install/mec_mobile_description/share/colcon-core/packages/mec_mobile_description)
[0.345s] [34mcolcon.colcon_core.environment[0m [1;30mLevel 1[0m create_environment_scripts_only(mec_mobile_description)
[0.345s] [34mcolcon.colcon_core.environment[0m [1;30mLevel 1[0m checking '/home/hephan/lfr_ws/src/arena-robot-simulation/install/mec_mobile_description' for CMake module files
[0.346s] [34mcolcon.colcon_core.environment[0m [1;30mLevel 1[0m checking '/home/hephan/lfr_ws/src/arena-robot-simulation/install/mec_mobile_description' for CMake config files
[0.346s] [34mcolcon.colcon_core.shell[0m [1;30mLevel 1[0m create_environment_hook('mec_mobile_description', 'cmake_prefix_path')
[0.346s] [34mcolcon.colcon_core.shell[0m [1;30mINFO[0m Creating environment descriptor '/home/hephan/lfr_ws/src/arena-robot-simulation/install/mec_mobile_description/share/mec_mobile_description/hook/cmake_prefix_path.dsv'
[0.347s] [34mcolcon.colcon_core.shell[0m [1;30mINFO[0m Creating environment hook '/home/hephan/lfr_ws/src/arena-robot-simulation/install/mec_mobile_description/share/mec_mobile_description/hook/cmake_prefix_path.sh'
[0.347s] [34mcolcon.colcon_core.environment[0m [1;30mLevel 1[0m checking '/home/hephan/lfr_ws/src/arena-robot-simulation/install/mec_mobile_description/bin'
[0.347s] [34mcolcon.colcon_core.environment[0m [1;30mLevel 1[0m checking '/home/hephan/lfr_ws/src/arena-robot-simulation/install/mec_mobile_description/lib/pkgconfig/mec_mobile_description.pc'
[0.348s] [34mcolcon.colcon_core.environment[0m [1;30mLevel 1[0m checking '/home/hephan/lfr_ws/src/arena-robot-simulation/install/mec_mobile_description/lib/python3.12/site-packages'
[0.348s] [34mcolcon.colcon_core.environment[0m [1;30mLevel 1[0m checking '/home/hephan/lfr_ws/src/arena-robot-simulation/install/mec_mobile_description/bin'
[0.348s] [34mcolcon.colcon_core.shell[0m [1;30mINFO[0m Creating package descriptor '/home/hephan/lfr_ws/src/arena-robot-simulation/install/mec_mobile_description/share/mec_mobile_description/package.dsv'
[0.349s] [34mcolcon.colcon_core.shell[0m [1;30mINFO[0m Creating package script '/home/hephan/lfr_ws/src/arena-robot-simulation/install/mec_mobile_description/share/mec_mobile_description/package.sh'
[0.349s] [34mcolcon.colcon_core.shell[0m [1;30mINFO[0m Creating package script '/home/hephan/lfr_ws/src/arena-robot-simulation/install/mec_mobile_description/share/mec_mobile_description/package.bash'
[0.350s] [34mcolcon.colcon_core.shell[0m [1;30mINFO[0m Creating package script '/home/hephan/lfr_ws/src/arena-robot-simulation/install/mec_mobile_description/share/mec_mobile_description/package.zsh'
[0.350s] [34mcolcon.colcon_core.environment[0m [1;30mLevel 1[0m create_file_with_runtime_dependencies(/home/hephan/lfr_ws/src/arena-robot-simulation/install/mec_mobile_description/share/colcon-core/packages/mec_mobile_description)
[0.351s] [34mcolcon.colcon_ros.task.ament_cmake.build[0m [1;30mINFO[0m Building ROS package in '/home/hephan/lfr_ws/src/arena-robot-simulation/mec_mobile' with build type 'ament_cmake'
[0.351s] [34mcolcon.colcon_cmake.task.cmake.build[0m [1;30mINFO[0m Building CMake package in '/home/hephan/lfr_ws/src/arena-robot-simulation/mec_mobile'
[0.351s] [34mcolcon.colcon_core.shell[0m [1;30mDEBUG[0m [32mSkip shell extension 'dsv' for command environment[0m
[0.360s] [34mcolcon.colcon_core.environment[0m [1;30mLevel 1[0m create_environment_scripts_only(mec_mobile_navigation)
[0.361s] [34mcolcon.colcon_core.event_handler.log_command[0m [1;30mDEBUG[0m [32mInvoked command in '/home/hephan/lfr_ws/src/arena-robot-simulation/build/mec_mobile_navigation' returned '0': CMAKE_PREFIX_PATH=${CMAKE_PREFIX_PATH}:/opt/ros/jazzy DEBUGINFOD_URLS=https://debuginfod.ubuntu.com /usr/bin/cmake --install /home/hephan/lfr_ws/src/arena-robot-simulation/build/mec_mobile_navigation[0m
[0.361s] [34mcolcon.colcon_core.environment[0m [1;30mLevel 1[0m checking '/home/hephan/lfr_ws/src/arena-robot-simulation/install/mec_mobile_navigation' for CMake module files
[0.362s] [34mcolcon.colcon_core.environment[0m [1;30mLevel 1[0m checking '/home/hephan/lfr_ws/src/arena-robot-simulation/install/mec_mobile_navigation' for CMake config files
[0.362s] [34mcolcon.colcon_core.shell[0m [1;30mLevel 1[0m create_environment_hook('mec_mobile_navigation', 'cmake_prefix_path')
[0.363s] [34mcolcon.colcon_core.shell[0m [1;30mINFO[0m Creating environment descriptor '/home/hephan/lfr_ws/src/arena-robot-simulation/install/mec_mobile_navigation/share/mec_mobile_navigation/hook/cmake_prefix_path.dsv'
[0.363s] [34mcolcon.colcon_core.shell[0m [1;30mINFO[0m Creating environment hook '/home/hephan/lfr_ws/src/arena-robot-simulation/install/mec_mobile_navigation/share/mec_mobile_navigation/hook/cmake_prefix_path.sh'
[0.364s] [34mcolcon.colcon_core.environment[0m [1;30mLevel 1[0m checking '/home/hephan/lfr_ws/src/arena-robot-simulation/install/mec_mobile_navigation/bin'
[0.364s] [34mcolcon.colcon_core.environment[0m [1;30mLevel 1[0m checking '/home/hephan/lfr_ws/src/arena-robot-simulation/install/mec_mobile_navigation/lib/pkgconfig/mec_mobile_navigation.pc'
[0.364s] [34mcolcon.colcon_core.environment[0m [1;30mLevel 1[0m checking '/home/hephan/lfr_ws/src/arena-robot-simulation/install/mec_mobile_navigation/lib/python3.12/site-packages'
[0.365s] [34mcolcon.colcon_core.environment[0m [1;30mLevel 1[0m checking '/home/hephan/lfr_ws/src/arena-robot-simulation/install/mec_mobile_navigation/bin'
[0.365s] [34mcolcon.colcon_core.shell[0m [1;30mINFO[0m Creating package descriptor '/home/hephan/lfr_ws/src/arena-robot-simulation/install/mec_mobile_navigation/share/mec_mobile_navigation/package.dsv'
[0.365s] [34mcolcon.colcon_core.shell[0m [1;30mINFO[0m Creating package script '/home/hephan/lfr_ws/src/arena-robot-simulation/install/mec_mobile_navigation/share/mec_mobile_navigation/package.sh'
[0.366s] [34mcolcon.colcon_core.shell[0m [1;30mINFO[0m Creating package script '/home/hephan/lfr_ws/src/arena-robot-simulation/install/mec_mobile_navigation/share/mec_mobile_navigation/package.bash'
[0.366s] [34mcolcon.colcon_core.shell[0m [1;30mINFO[0m Creating package script '/home/hephan/lfr_ws/src/arena-robot-simulation/install/mec_mobile_navigation/share/mec_mobile_navigation/package.zsh'
[0.367s] [34mcolcon.colcon_core.environment[0m [1;30mLevel 1[0m create_file_with_runtime_dependencies(/home/hephan/lfr_ws/src/arena-robot-simulation/install/mec_mobile_navigation/share/colcon-core/packages/mec_mobile_navigation)
[0.367s] [34mcolcon.colcon_core.environment[0m [1;30mLevel 1[0m create_environment_scripts_only(mec_mobile_navigation)
[0.368s] [34mcolcon.colcon_core.environment[0m [1;30mLevel 1[0m checking '/home/hephan/lfr_ws/src/arena-robot-simulation/install/mec_mobile_navigation' for CMake module files
[0.368s] [34mcolcon.colcon_core.environment[0m [1;30mLevel 1[0m checking '/home/hephan/lfr_ws/src/arena-robot-simulation/install/mec_mobile_navigation' for CMake config files
[0.369s] [34mcolcon.colcon_core.shell[0m [1;30mLevel 1[0m create_environment_hook('mec_mobile_navigation', 'cmake_prefix_path')
[0.369s] [34mcolcon.colcon_core.shell[0m [1;30mINFO[0m Creating environment descriptor '/home/hephan/lfr_ws/src/arena-robot-simulation/install/mec_mobile_navigation/share/mec_mobile_navigation/hook/cmake_prefix_path.dsv'
[0.369s] [34mcolcon.colcon_core.shell[0m [1;30mINFO[0m Creating environment hook '/home/hephan/lfr_ws/src/arena-robot-simulation/install/mec_mobile_navigation/share/mec_mobile_navigation/hook/cmake_prefix_path.sh'
[0.370s] [34mcolcon.colcon_core.environment[0m [1;30mLevel 1[0m checking '/home/hephan/lfr_ws/src/arena-robot-simulation/install/mec_mobile_navigation/bin'
[0.370s] [34mcolcon.colcon_core.environment[0m [1;30mLevel 1[0m checking '/home/hephan/lfr_ws/src/arena-robot-simulation/install/mec_mobile_navigation/lib/pkgconfig/mec_mobile_navigation.pc'
[0.370s] [34mcolcon.colcon_core.environment[0m [1;30mLevel 1[0m checking '/home/hephan/lfr_ws/src/arena-robot-simulation/install/mec_mobile_navigation/lib/python3.12/site-packages'
[0.370s] [34mcolcon.colcon_core.environment[0m [1;30mLevel 1[0m checking '/home/hephan/lfr_ws/src/arena-robot-simulation/install/mec_mobile_navigation/bin'
[0.371s] [34mcolcon.colcon_core.shell[0m [1;30mINFO[0m Creating package descriptor '/home/hephan/lfr_ws/src/arena-robot-simulation/install/mec_mobile_navigation/share/mec_mobile_navigation/package.dsv'
[0.371s] [34mcolcon.colcon_core.shell[0m [1;30mINFO[0m Creating package script '/home/hephan/lfr_ws/src/arena-robot-simulation/install/mec_mobile_navigation/share/mec_mobile_navigation/package.sh'
[0.372s] [34mcolcon.colcon_core.shell[0m [1;30mINFO[0m Creating package script '/home/hephan/lfr_ws/src/arena-robot-simulation/install/mec_mobile_navigation/share/mec_mobile_navigation/package.bash'
[0.372s] [34mcolcon.colcon_core.shell[0m [1;30mINFO[0m Creating package script '/home/hephan/lfr_ws/src/arena-robot-simulation/install/mec_mobile_navigation/share/mec_mobile_navigation/package.zsh'
[0.373s] [34mcolcon.colcon_core.environment[0m [1;30mLevel 1[0m create_file_with_runtime_dependencies(/home/hephan/lfr_ws/src/arena-robot-simulation/install/mec_mobile_navigation/share/colcon-core/packages/mec_mobile_navigation)
[0.374s] [34mcolcon.colcon_core.environment[0m [1;30mLevel 1[0m create_environment_scripts_only(mec_mobile_gazebo)
[0.374s] [34mcolcon.colcon_core.environment[0m [1;30mLevel 1[0m checking '/home/hephan/lfr_ws/src/arena-robot-simulation/install/mec_mobile_gazebo' for CMake module files
[0.375s] [34mcolcon.colcon_core.event_handler.log_command[0m [1;30mDEBUG[0m [32mInvoked command in '/home/hephan/lfr_ws/src/arena-robot-simulation/build/mec_mobile_gazebo' returned '0': CMAKE_PREFIX_PATH=${CMAKE_PREFIX_PATH}:/opt/ros/jazzy DEBUGINFOD_URLS=https://debuginfod.ubuntu.com /usr/bin/cmake --install /home/hephan/lfr_ws/src/arena-robot-simulation/build/mec_mobile_gazebo[0m
[0.375s] [34mcolcon.colcon_core.environment[0m [1;30mLevel 1[0m checking '/home/hephan/lfr_ws/src/arena-robot-simulation/install/mec_mobile_gazebo' for CMake config files
[0.375s] [34mcolcon.colcon_core.shell[0m [1;30mLevel 1[0m create_environment_hook('mec_mobile_gazebo', 'cmake_prefix_path')
[0.375s] [34mcolcon.colcon_core.shell[0m [1;30mINFO[0m Creating environment descriptor '/home/hephan/lfr_ws/src/arena-robot-simulation/install/mec_mobile_gazebo/share/mec_mobile_gazebo/hook/cmake_prefix_path.dsv'
[0.376s] [34mcolcon.colcon_core.shell[0m [1;30mINFO[0m Creating environment hook '/home/hephan/lfr_ws/src/arena-robot-simulation/install/mec_mobile_gazebo/share/mec_mobile_gazebo/hook/cmake_prefix_path.sh'
[0.376s] [34mcolcon.colcon_core.environment[0m [1;30mLevel 1[0m checking '/home/hephan/lfr_ws/src/arena-robot-simulation/install/mec_mobile_gazebo/bin'
[0.377s] [34mcolcon.colcon_core.environment[0m [1;30mLevel 1[0m checking '/home/hephan/lfr_ws/src/arena-robot-simulation/install/mec_mobile_gazebo/lib/pkgconfig/mec_mobile_gazebo.pc'
[0.377s] [34mcolcon.colcon_core.environment[0m [1;30mLevel 1[0m checking '/home/hephan/lfr_ws/src/arena-robot-simulation/install/mec_mobile_gazebo/lib/python3.12/site-packages'
[0.377s] [34mcolcon.colcon_core.environment[0m [1;30mLevel 1[0m checking '/home/hephan/lfr_ws/src/arena-robot-simulation/install/mec_mobile_gazebo/bin'
[0.377s] [34mcolcon.colcon_core.shell[0m [1;30mINFO[0m Creating package descriptor '/home/hephan/lfr_ws/src/arena-robot-simulation/install/mec_mobile_gazebo/share/mec_mobile_gazebo/package.dsv'
[0.378s] [34mcolcon.colcon_core.shell[0m [1;30mINFO[0m Creating package script '/home/hephan/lfr_ws/src/arena-robot-simulation/install/mec_mobile_gazebo/share/mec_mobile_gazebo/package.sh'
[0.378s] [34mcolcon.colcon_core.shell[0m [1;30mINFO[0m Creating package script '/home/hephan/lfr_ws/src/arena-robot-simulation/install/mec_mobile_gazebo/share/mec_mobile_gazebo/package.bash'
[0.379s] [34mcolcon.colcon_core.shell[0m [1;30mINFO[0m Creating package script '/home/hephan/lfr_ws/src/arena-robot-simulation/install/mec_mobile_gazebo/share/mec_mobile_gazebo/package.zsh'
[0.379s] [34mcolcon.colcon_core.environment[0m [1;30mLevel 1[0m create_file_with_runtime_dependencies(/home/hephan/lfr_ws/src/arena-robot-simulation/install/mec_mobile_gazebo/share/colcon-core/packages/mec_mobile_gazebo)
[0.380s] [34mcolcon.colcon_core.environment[0m [1;30mLevel 1[0m create_environment_scripts_only(mec_mobile_gazebo)
[0.380s] [34mcolcon.colcon_core.environment[0m [1;30mLevel 1[0m checking '/home/hephan/lfr_ws/src/arena-robot-simulation/install/mec_mobile_gazebo' for CMake module files
[0.380s] [34mcolcon.colcon_core.environment[0m [1;30mLevel 1[0m checking '/home/hephan/lfr_ws/src/arena-robot-simulation/install/mec_mobile_gazebo' for CMake config files
[0.380s] [34mcolcon.colcon_core.shell[0m [1;30mLevel 1[0m create_environment_hook('mec_mobile_gazebo', 'cmake_prefix_path')
[0.381s] [34mcolcon.colcon_core.shell[0m [1;30mINFO[0m Creating environment descriptor '/home/hephan/lfr_ws/src/arena-robot-simulation/install/mec_mobile_gazebo/share/mec_mobile_gazebo/hook/cmake_prefix_path.dsv'
[0.381s] [34mcolcon.colcon_core.shell[0m [1;30mINFO[0m Creating environment hook '/home/hephan/lfr_ws/src/arena-robot-simulation/install/mec_mobile_gazebo/share/mec_mobile_gazebo/hook/cmake_prefix_path.sh'
[0.382s] [34mcolcon.colcon_core.environment[0m [1;30mLevel 1[0m checking '/home/hephan/lfr_ws/src/arena-robot-simulation/install/mec_mobile_gazebo/bin'
[0.382s] [34mcolcon.colcon_core.environment[0m [1;30mLevel 1[0m checking '/home/hephan/lfr_ws/src/arena-robot-simulation/install/mec_mobile_gazebo/lib/pkgconfig/mec_mobile_gazebo.pc'
[0.382s] [34mcolcon.colcon_core.environment[0m [1;30mLevel 1[0m checking '/home/hephan/lfr_ws/src/arena-robot-simulation/install/mec_mobile_gazebo/lib/python3.12/site-packages'
[0.382s] [34mcolcon.colcon_core.environment[0m [1;30mLevel 1[0m checking '/home/hephan/lfr_ws/src/arena-robot-simulation/install/mec_mobile_gazebo/bin'
[0.382s] [34mcolcon.colcon_core.shell[0m [1;30mINFO[0m Creating package descriptor '/home/hephan/lfr_ws/src/arena-robot-simulation/install/mec_mobile_gazebo/share/mec_mobile_gazebo/package.dsv'
[0.383s] [34mcolcon.colcon_core.shell[0m [1;30mINFO[0m Creating package script '/home/hephan/lfr_ws/src/arena-robot-simulation/install/mec_mobile_gazebo/share/mec_mobile_gazebo/package.sh'
[0.383s] [34mcolcon.colcon_core.shell[0m [1;30mINFO[0m Creating package script '/home/hephan/lfr_ws/src/arena-robot-simulation/install/mec_mobile_gazebo/share/mec_mobile_gazebo/package.bash'
[0.384s] [34mcolcon.colcon_core.shell[0m [1;30mINFO[0m Creating package script '/home/hephan/lfr_ws/src/arena-robot-simulation/install/mec_mobile_gazebo/share/mec_mobile_gazebo/package.zsh'
[0.385s] [34mcolcon.colcon_core.environment[0m [1;30mLevel 1[0m create_file_with_runtime_dependencies(/home/hephan/lfr_ws/src/arena-robot-simulation/install/mec_mobile_gazebo/share/colcon-core/packages/mec_mobile_gazebo)
[0.388s] [34mcolcon.colcon_core.event_handler.log_command[0m [1;30mDEBUG[0m [32mInvoking command in '/home/hephan/lfr_ws/src/arena-robot-simulation/build/mec_mobile': AMENT_PREFIX_PATH=/home/hephan/lfr_ws/src/arena-robot-simulation/install/mec_mobile_description:${AMENT_PREFIX_PATH} CMAKE_PREFIX_PATH=/home/hephan/lfr_ws/src/arena-robot-simulation/install/mec_mobile_description:/home/hephan/lfr_ws/install/mec_mobile_navigation:/home/hephan/lfr_ws/install/mec_mobile_gazebo:/home/hephan/lfr_ws/install/mec_mobile:/home/hephan/lfr_ws/install/mec_mobile_description:/home/hephan/lfr_ll_ws/install/mec_mobile_navigation:/home/hephan/lfr_ll_ws/install/mec_mobile_gazebo:/home/hephan/lfr_ll_ws/install/mec_mobile:/home/hephan/lfr_ll_ws/install/mec_mobile_description:/opt/ros/jazzy/opt/gz_sim_vendor:/opt/ros/jazzy/opt/gz_sensors_vendor:/opt/ros/jazzy/opt/gz_physics_vendor:/opt/ros/jazzy/opt/sdformat_vendor:/opt/ros/jazzy/opt/gz_gui_vendor:/opt/ros/jazzy/opt/gz_transport_vendor:/opt/ros/jazzy/opt/gz_rendering_vendor:/opt/ros/jazzy/opt/gz_plugin_vendor:/opt/ros/jazzy/opt/gz_fuel_tools_vendor:/opt/ros/jazzy/opt/gz_msgs_vendor:/opt/ros/jazzy/opt/gz_common_vendor:/opt/ros/jazzy/opt/gz_math_vendor:/opt/ros/jazzy/opt/gz_utils_vendor:/opt/ros/jazzy/opt/gz_tools_vendor:/opt/ros/jazzy/opt/gz_ogre_next_vendor:/opt/ros/jazzy/opt/gz_dartsim_vendor:/opt/ros/jazzy/opt/gz_cmake_vendor:/opt/ros/jazzy DEBUGINFOD_URLS=https://debuginfod.ubuntu.com /usr/bin/cmake --build /home/hephan/lfr_ws/src/arena-robot-simulation/build/mec_mobile -- -j22 -l22[0m
[0.448s] [34mcolcon.colcon_core.event_handler.log_command[0m [1;30mDEBUG[0m [32mInvoked command in '/home/hephan/lfr_ws/src/arena-robot-simulation/build/mec_mobile' returned '0': AMENT_PREFIX_PATH=/home/hephan/lfr_ws/src/arena-robot-simulation/install/mec_mobile_description:${AMENT_PREFIX_PATH} CMAKE_PREFIX_PATH=/home/hephan/lfr_ws/src/arena-robot-simulation/install/mec_mobile_description:/home/hephan/lfr_ws/install/mec_mobile_navigation:/home/hephan/lfr_ws/install/mec_mobile_gazebo:/home/hephan/lfr_ws/install/mec_mobile:/home/hephan/lfr_ws/install/mec_mobile_description:/home/hephan/lfr_ll_ws/install/mec_mobile_navigation:/home/hephan/lfr_ll_ws/install/mec_mobile_gazebo:/home/hephan/lfr_ll_ws/install/mec_mobile:/home/hephan/lfr_ll_ws/install/mec_mobile_description:/opt/ros/jazzy/opt/gz_sim_vendor:/opt/ros/jazzy/opt/gz_sensors_vendor:/opt/ros/jazzy/opt/gz_physics_vendor:/opt/ros/jazzy/opt/sdformat_vendor:/opt/ros/jazzy/opt/gz_gui_vendor:/opt/ros/jazzy/opt/gz_transport_vendor:/opt/ros/jazzy/opt/gz_rendering_vendor:/opt/ros/jazzy/opt/gz_plugin_vendor:/opt/ros/jazzy/opt/gz_fuel_tools_vendor:/opt/ros/jazzy/opt/gz_msgs_vendor:/opt/ros/jazzy/opt/gz_common_vendor:/opt/ros/jazzy/opt/gz_math_vendor:/opt/ros/jazzy/opt/gz_utils_vendor:/opt/ros/jazzy/opt/gz_tools_vendor:/opt/ros/jazzy/opt/gz_ogre_next_vendor:/opt/ros/jazzy/opt/gz_dartsim_vendor:/opt/ros/jazzy/opt/gz_cmake_vendor:/opt/ros/jazzy DEBUGINFOD_URLS=https://debuginfod.ubuntu.com /usr/bin/cmake --build /home/hephan/lfr_ws/src/arena-robot-simulation/build/mec_mobile -- -j22 -l22[0m
[0.450s] [34mcolcon.colcon_core.event_handler.log_command[0m [1;30mDEBUG[0m [32mInvoking command in '/home/hephan/lfr_ws/src/arena-robot-simulation/build/mec_mobile': AMENT_PREFIX_PATH=/home/hephan/lfr_ws/src/arena-robot-simulation/install/mec_mobile_description:${AMENT_PREFIX_PATH} CMAKE_PREFIX_PATH=/home/hephan/lfr_ws/src/arena-robot-simulation/install/mec_mobile_description:/home/hephan/lfr_ws/install/mec_mobile_navigation:/home/hephan/lfr_ws/install/mec_mobile_gazebo:/home/hephan/lfr_ws/install/mec_mobile:/home/hephan/lfr_ws/install/mec_mobile_description:/home/hephan/lfr_ll_ws/install/mec_mobile_navigation:/home/hephan/lfr_ll_ws/install/mec_mobile_gazebo:/home/hephan/lfr_ll_ws/install/mec_mobile:/home/hephan/lfr_ll_ws/install/mec_mobile_description:/opt/ros/jazzy/opt/gz_sim_vendor:/opt/ros/jazzy/opt/gz_sensors_vendor:/opt/ros/jazzy/opt/gz_physics_vendor:/opt/ros/jazzy/opt/sdformat_vendor:/opt/ros/jazzy/opt/gz_gui_vendor:/opt/ros/jazzy/opt/gz_transport_vendor:/opt/ros/jazzy/opt/gz_rendering_vendor:/opt/ros/jazzy/opt/gz_plugin_vendor:/opt/ros/jazzy/opt/gz_fuel_tools_vendor:/opt/ros/jazzy/opt/gz_msgs_vendor:/opt/ros/jazzy/opt/gz_common_vendor:/opt/ros/jazzy/opt/gz_math_vendor:/opt/ros/jazzy/opt/gz_utils_vendor:/opt/ros/jazzy/opt/gz_tools_vendor:/opt/ros/jazzy/opt/gz_ogre_next_vendor:/opt/ros/jazzy/opt/gz_dartsim_vendor:/opt/ros/jazzy/opt/gz_cmake_vendor:/opt/ros/jazzy DEBUGINFOD_URLS=https://debuginfod.ubuntu.com /usr/bin/cmake --install /home/hephan/lfr_ws/src/arena-robot-simulation/build/mec_mobile[0m
[0.478s] [34mcolcon.colcon_core.environment[0m [1;30mLevel 1[0m create_environment_scripts_only(mec_mobile)
[0.478s] [34mcolcon.colcon_core.environment[0m [1;30mLevel 1[0m checking '/home/hephan/lfr_ws/src/arena-robot-simulation/install/mec_mobile' for CMake module files
[0.479s] [34mcolcon.colcon_core.event_handler.log_command[0m [1;30mDEBUG[0m [32mInvoked command in '/home/hephan/lfr_ws/src/arena-robot-simulation/build/mec_mobile' returned '0': AMENT_PREFIX_PATH=/home/hephan/lfr_ws/src/arena-robot-simulation/install/mec_mobile_description:${AMENT_PREFIX_PATH} CMAKE_PREFIX_PATH=/home/hephan/lfr_ws/src/arena-robot-simulation/install/mec_mobile_description:/home/hephan/lfr_ws/install/mec_mobile_navigation:/home/hephan/lfr_ws/install/mec_mobile_gazebo:/home/hephan/lfr_ws/install/mec_mobile:/home/hephan/lfr_ws/install/mec_mobile_description:/home/hephan/lfr_ll_ws/install/mec_mobile_navigation:/home/hephan/lfr_ll_ws/install/mec_mobile_gazebo:/home/hephan/lfr_ll_ws/install/mec_mobile:/home/hephan/lfr_ll_ws/install/mec_mobile_description:/opt/ros/jazzy/opt/gz_sim_vendor:/opt/ros/jazzy/opt/gz_sensors_vendor:/opt/ros/jazzy/opt/gz_physics_vendor:/opt/ros/jazzy/opt/sdformat_vendor:/opt/ros/jazzy/opt/gz_gui_vendor:/opt/ros/jazzy/opt/gz_transport_vendor:/opt/ros/jazzy/opt/gz_rendering_vendor:/opt/ros/jazzy/opt/gz_plugin_vendor:/opt/ros/jazzy/opt/gz_fuel_tools_vendor:/opt/ros/jazzy/opt/gz_msgs_vendor:/opt/ros/jazzy/opt/gz_common_vendor:/opt/ros/jazzy/opt/gz_math_vendor:/opt/ros/jazzy/opt/gz_utils_vendor:/opt/ros/jazzy/opt/gz_tools_vendor:/opt/ros/jazzy/opt/gz_ogre_next_vendor:/opt/ros/jazzy/opt/gz_dartsim_vendor:/opt/ros/jazzy/opt/gz_cmake_vendor:/opt/ros/jazzy DEBUGINFOD_URLS=https://debuginfod.ubuntu.com /usr/bin/cmake --install /home/hephan/lfr_ws/src/arena-robot-simulation/build/mec_mobile[0m
[0.480s] [34mcolcon.colcon_core.environment[0m [1;30mLevel 1[0m checking '/home/hephan/lfr_ws/src/arena-robot-simulation/install/mec_mobile' for CMake config files
[0.480s] [34mcolcon.colcon_core.shell[0m [1;30mLevel 1[0m create_environment_hook('mec_mobile', 'cmake_prefix_path')
[0.480s] [34mcolcon.colcon_core.shell[0m [1;30mINFO[0m Creating environment descriptor '/home/hephan/lfr_ws/src/arena-robot-simulation/install/mec_mobile/share/mec_mobile/hook/cmake_prefix_path.dsv'
[0.481s] [34mcolcon.colcon_core.shell[0m [1;30mINFO[0m Creating environment hook '/home/hephan/lfr_ws/src/arena-robot-simulation/install/mec_mobile/share/mec_mobile/hook/cmake_prefix_path.sh'
[0.482s] [34mcolcon.colcon_core.environment[0m [1;30mLevel 1[0m checking '/home/hephan/lfr_ws/src/arena-robot-simulation/install/mec_mobile/bin'
[0.482s] [34mcolcon.colcon_core.environment[0m [1;30mLevel 1[0m checking '/home/hephan/lfr_ws/src/arena-robot-simulation/install/mec_mobile/lib/pkgconfig/mec_mobile.pc'
[0.482s] [34mcolcon.colcon_core.environment[0m [1;30mLevel 1[0m checking '/home/hephan/lfr_ws/src/arena-robot-simulation/install/mec_mobile/lib/python3.12/site-packages'
[0.482s] [34mcolcon.colcon_core.environment[0m [1;30mLevel 1[0m checking '/home/hephan/lfr_ws/src/arena-robot-simulation/install/mec_mobile/bin'
[0.482s] [34mcolcon.colcon_core.shell[0m [1;30mINFO[0m Creating package descriptor '/home/hephan/lfr_ws/src/arena-robot-simulation/install/mec_mobile/share/mec_mobile/package.dsv'
[0.483s] [34mcolcon.colcon_core.shell[0m [1;30mINFO[0m Creating package script '/home/hephan/lfr_ws/src/arena-robot-simulation/install/mec_mobile/share/mec_mobile/package.sh'
[0.484s] [34mcolcon.colcon_core.shell[0m [1;30mINFO[0m Creating package script '/home/hephan/lfr_ws/src/arena-robot-simulation/install/mec_mobile/share/mec_mobile/package.bash'
[0.484s] [34mcolcon.colcon_core.shell[0m [1;30mINFO[0m Creating package script '/home/hephan/lfr_ws/src/arena-robot-simulation/install/mec_mobile/share/mec_mobile/package.zsh'
[0.484s] [34mcolcon.colcon_core.environment[0m [1;30mLevel 1[0m create_file_with_runtime_dependencies(/home/hephan/lfr_ws/src/arena-robot-simulation/install/mec_mobile/share/colcon-core/packages/mec_mobile)
[0.485s] [34mcolcon.colcon_core.environment[0m [1;30mLevel 1[0m create_environment_scripts_only(mec_mobile)
[0.485s] [34mcolcon.colcon_core.environment[0m [1;30mLevel 1[0m checking '/home/hephan/lfr_ws/src/arena-robot-simulation/install/mec_mobile' for CMake module files
[0.486s] [34mcolcon.colcon_core.environment[0m [1;30mLevel 1[0m checking '/home/hephan/lfr_ws/src/arena-robot-simulation/install/mec_mobile' for CMake config files
[0.486s] [34mcolcon.colcon_core.shell[0m [1;30mLevel 1[0m create_environment_hook('mec_mobile', 'cmake_prefix_path')
[0.486s] [34mcolcon.colcon_core.shell[0m [1;30mINFO[0m Creating environment descriptor '/home/hephan/lfr_ws/src/arena-robot-simulation/install/mec_mobile/share/mec_mobile/hook/cmake_prefix_path.dsv'
[0.487s] [34mcolcon.colcon_core.shell[0m [1;30mINFO[0m Creating environment hook '/home/hephan/lfr_ws/src/arena-robot-simulation/install/mec_mobile/share/mec_mobile/hook/cmake_prefix_path.sh'
[0.488s] [34mcolcon.colcon_core.environment[0m [1;30mLevel 1[0m checking '/home/hephan/lfr_ws/src/arena-robot-simulation/install/mec_mobile/bin'
[0.488s] [34mcolcon.colcon_core.environment[0m [1;30mLevel 1[0m checking '/home/hephan/lfr_ws/src/arena-robot-simulation/install/mec_mobile/lib/pkgconfig/mec_mobile.pc'
[0.488s] [34mcolcon.colcon_core.environment[0m [1;30mLevel 1[0m checking '/home/hephan/lfr_ws/src/arena-robot-simulation/install/mec_mobile/lib/python3.12/site-packages'
[0.488s] [34mcolcon.colcon_core.environment[0m [1;30mLevel 1[0m checking '/home/hephan/lfr_ws/src/arena-robot-simulation/install/mec_mobile/bin'
[0.488s] [34mcolcon.colcon_core.shell[0m [1;30mINFO[0m Creating package descriptor '/home/hephan/lfr_ws/src/arena-robot-simulation/install/mec_mobile/share/mec_mobile/package.dsv'
[0.489s] [34mcolcon.colcon_core.shell[0m [1;30mINFO[0m Creating package script '/home/hephan/lfr_ws/src/arena-robot-simulation/install/mec_mobile/share/mec_mobile/package.sh'
[0.489s] [34mcolcon.colcon_core.shell[0m [1;30mINFO[0m Creating package script '/home/hephan/lfr_ws/src/arena-robot-simulation/install/mec_mobile/share/mec_mobile/package.bash'
[0.490s] [34mcolcon.colcon_core.shell[0m [1;30mINFO[0m Creating package script '/home/hephan/lfr_ws/src/arena-robot-simulation/install/mec_mobile/share/mec_mobile/package.zsh'
[0.490s] [34mcolcon.colcon_core.environment[0m [1;30mLevel 1[0m create_file_with_runtime_dependencies(/home/hephan/lfr_ws/src/arena-robot-simulation/install/mec_mobile/share/colcon-core/packages/mec_mobile)
[0.491s] [34mcolcon.colcon_parallel_executor.executor.parallel[0m [1;30mDEBUG[0m [32mclosing loop[0m
[0.491s] [34mcolcon.colcon_parallel_executor.executor.parallel[0m [1;30mDEBUG[0m [32mloop closed[0m
[0.491s] [34mcolcon.colcon_parallel_executor.executor.parallel[0m [1;30mDEBUG[0m [32mrun_until_complete finished with '0'[0m
[0.491s] [34mcolcon.colcon_core.event_reactor[0m [1;30mDEBUG[0m [32mjoining thread[0m
[0.500s] [34mcolcon.colcon_core.plugin_system[0m [1;30mINFO[0m Skipping extension 'colcon_notification.desktop_notification.terminal_notifier': Not used on non-Darwin systems
[0.501s] [34mcolcon.colcon_core.plugin_system[0m [1;30mINFO[0m Skipping extension 'colcon_notification.desktop_notification.win32': Not used on non-Windows systems
[0.501s] [34mcolcon.colcon_notification.desktop_notification[0m [1;30mINFO[0m Sending desktop notification using 'notify2'
[0.518s] [34mcolcon.colcon_core.event_reactor[0m [1;30mDEBUG[0m [32mjoined thread[0m
[0.519s] [34mcolcon.colcon_core.shell[0m [1;30mINFO[0m Creating prefix script '/home/hephan/lfr_ws/src/arena-robot-simulation/install/local_setup.sh'
[0.520s] [34mcolcon.colcon_core.shell[0m [1;30mINFO[0m Creating prefix util module '/home/hephan/lfr_ws/src/arena-robot-simulation/install/_local_setup_util_sh.py'
[0.521s] [34mcolcon.colcon_core.shell[0m [1;30mINFO[0m Creating prefix chain script '/home/hephan/lfr_ws/src/arena-robot-simulation/install/setup.sh'
[0.523s] [34mcolcon.colcon_core.shell[0m [1;30mINFO[0m Creating prefix script '/home/hephan/lfr_ws/src/arena-robot-simulation/install/local_setup.bash'
[0.523s] [34mcolcon.colcon_core.shell[0m [1;30mINFO[0m Creating prefix chain script '/home/hephan/lfr_ws/src/arena-robot-simulation/install/setup.bash'
[0.525s] [34mcolcon.colcon_core.shell[0m [1;30mINFO[0m Creating prefix script '/home/hephan/lfr_ws/src/arena-robot-simulation/install/local_setup.zsh'
[0.526s] [34mcolcon.colcon_core.shell[0m [1;30mINFO[0m Creating prefix chain script '/home/hephan/lfr_ws/src/arena-robot-simulation/install/setup.zsh'
