-- The C compiler identification is GNU 13.3.0
-- The CXX compiler identification is GNU 13.3.0
-- Detecting C compiler ABI info
-- Detecting C compiler ABI info - done
-- Check for working C compiler: /usr/bin/cc - skipped
-- Detecting C compile features
-- Detecting C compile features - done
-- Detecting CXX compiler ABI info
-- Detecting CXX compiler ABI info - done
-- Check for working CXX compiler: /usr/bin/c++ - skipped
-- Detecting CXX compile features
-- Detecting CXX compile features - done
-- Found ament_cmake: 2.5.4 (/opt/ros/jazzy/share/ament_cmake/cmake)
-- Found Python3: /usr/bin/python3 (found version "3.12.3") found components: Interpreter 
-- Override CMake install command with custom implementation using symlinks instead of copying resources
-- Found urdf_tutorial: 1.1.0 (/opt/ros/jazzy/share/urdf_tutorial/cmake)
-- Found ament_lint_auto: 0.17.3 (/opt/ros/jazzy/share/ament_lint_auto/cmake)
-- Added test 'flake8' to check Python code syntax and style conventions
-- Configured 'flake8' exclude dirs and/or files: 
-- Added test 'lint_cmake' to check CMake code style
-- Added test 'pep257' to check Python code against some of the docstring style conventions in PEP 257
-- Added test 'xmllint' to check XML markup files
-- Configuring done (1.0s)
-- Generating done (0.0s)
-- Build files have been written to: /home/hephan/lfr_ws/src/arena-robot-simulation/build/mec_mobile_description
-- Install configuration: ""
-- Execute custom install script
-- Symlinking: /home/hephan/lfr_ws/src/arena-robot-simulation/install/mec_mobile_description/share/mec_mobile_description/meshes/arena/arena.stl
-- Symlinking: /home/hephan/lfr_ws/src/arena-robot-simulation/install/mec_mobile_description/share/mec_mobile_description/meshes/intel_realsense/visual/d435.stl
-- Symlinking: /home/hephan/lfr_ws/src/arena-robot-simulation/install/mec_mobile_description/share/mec_mobile_description/meshes/robot_3d/visual/back_left_wheel_X3.STL
-- Symlinking: /home/hephan/lfr_ws/src/arena-robot-simulation/install/mec_mobile_description/share/mec_mobile_description/meshes/robot_3d/visual/back_right_wheel_X3.STL
-- Symlinking: /home/hephan/lfr_ws/src/arena-robot-simulation/install/mec_mobile_description/share/mec_mobile_description/meshes/robot_3d/visual/base_link_X3.STL
-- Symlinking: /home/hephan/lfr_ws/src/arena-robot-simulation/install/mec_mobile_description/share/mec_mobile_description/meshes/robot_3d/visual/camera_link.STL
-- Symlinking: /home/hephan/lfr_ws/src/arena-robot-simulation/install/mec_mobile_description/share/mec_mobile_description/meshes/robot_3d/visual/front_left_wheel_X3.STL
-- Symlinking: /home/hephan/lfr_ws/src/arena-robot-simulation/install/mec_mobile_description/share/mec_mobile_description/meshes/robot_3d/visual/front_right_wheel_X3.STL
-- Symlinking: /home/hephan/lfr_ws/src/arena-robot-simulation/install/mec_mobile_description/share/mec_mobile_description/meshes/robot_3d/visual/laser_link.STL
-- Symlinking: /home/hephan/lfr_ws/src/arena-robot-simulation/install/mec_mobile_description/share/mec_mobile_description/meshes/rplidar/rplidar_s2.stl
-- Symlinking: /home/hephan/lfr_ws/src/arena-robot-simulation/install/mec_mobile_description/share/mec_mobile_description/meshes/sarm/sarm.dae
-- Symlinking: /home/hephan/lfr_ws/src/arena-robot-simulation/install/mec_mobile_description/share/mec_mobile_description/meshes/sarm/sarm.stl
-- Symlinking: /home/hephan/lfr_ws/src/arena-robot-simulation/install/mec_mobile_description/share/mec_mobile_description/urdf/control/mec_mobile.gazebo
-- Symlinking: /home/hephan/lfr_ws/src/arena-robot-simulation/install/mec_mobile_description/share/mec_mobile_description/urdf/materials.xacro
-- Symlinking: /home/hephan/lfr_ws/src/arena-robot-simulation/install/mec_mobile_description/share/mec_mobile_description/urdf/mech/mecanum_wheel.urdf.xacro
-- Symlinking: /home/hephan/lfr_ws/src/arena-robot-simulation/install/mec_mobile_description/share/mec_mobile_description/urdf/mech/robot_3d_base.urdf.xacro
-- Symlinking: /home/hephan/lfr_ws/src/arena-robot-simulation/install/mec_mobile_description/share/mec_mobile_description/urdf/robots/robot_3d.urdf.xacro
-- Symlinking: /home/hephan/lfr_ws/src/arena-robot-simulation/install/mec_mobile_description/share/mec_mobile_description/urdf/sensors/camera.xacro
-- Symlinking: /home/hephan/lfr_ws/src/arena-robot-simulation/install/mec_mobile_description/share/mec_mobile_description/urdf/sensors/imu.urdf.xacro
-- Symlinking: /home/hephan/lfr_ws/src/arena-robot-simulation/install/mec_mobile_description/share/mec_mobile_description/urdf/sensors/lidar.urdf.xacro
-- Symlinking: /home/hephan/lfr_ws/src/arena-robot-simulation/install/mec_mobile_description/share/mec_mobile_description/urdf/sensors/rgbd_camera.urdf.xacro
-- Symlinking: /home/hephan/lfr_ws/src/arena-robot-simulation/install/mec_mobile_description/share/mec_mobile_description/launch/check_urdf.launch.py
-- Symlinking: /home/hephan/lfr_ws/src/arena-robot-simulation/install/mec_mobile_description/share/mec_mobile_description/launch/robot_state_publisher.launch.py
-- Symlinking: /home/hephan/lfr_ws/src/arena-robot-simulation/install/mec_mobile_description/share/mec_mobile_description/rviz/mec_mobile_description.rviz
-- Symlinking: /home/hephan/lfr_ws/src/arena-robot-simulation/install/mec_mobile_description/share/mec_mobile_description/rviz/rviz.rviz
-- Symlinking: /home/hephan/lfr_ws/src/arena-robot-simulation/install/mec_mobile_description/share/ament_index/resource_index/package_run_dependencies/mec_mobile_description
-- Symlinking: /home/hephan/lfr_ws/src/arena-robot-simulation/install/mec_mobile_description/share/ament_index/resource_index/parent_prefix_path/mec_mobile_description
-- Symlinking: /home/hephan/lfr_ws/src/arena-robot-simulation/install/mec_mobile_description/share/mec_mobile_description/environment/ament_prefix_path.sh
-- Symlinking: /home/hephan/lfr_ws/src/arena-robot-simulation/install/mec_mobile_description/share/mec_mobile_description/environment/ament_prefix_path.dsv
-- Symlinking: /home/hephan/lfr_ws/src/arena-robot-simulation/install/mec_mobile_description/share/mec_mobile_description/environment/path.sh
-- Symlinking: /home/hephan/lfr_ws/src/arena-robot-simulation/install/mec_mobile_description/share/mec_mobile_description/environment/path.dsv
-- Symlinking: /home/hephan/lfr_ws/src/arena-robot-simulation/install/mec_mobile_description/share/mec_mobile_description/local_setup.bash
-- Symlinking: /home/hephan/lfr_ws/src/arena-robot-simulation/install/mec_mobile_description/share/mec_mobile_description/local_setup.sh
-- Symlinking: /home/hephan/lfr_ws/src/arena-robot-simulation/install/mec_mobile_description/share/mec_mobile_description/local_setup.zsh
-- Symlinking: /home/hephan/lfr_ws/src/arena-robot-simulation/install/mec_mobile_description/share/mec_mobile_description/local_setup.dsv
-- Symlinking: /home/hephan/lfr_ws/src/arena-robot-simulation/install/mec_mobile_description/share/mec_mobile_description/package.dsv
-- Symlinking: /home/hephan/lfr_ws/src/arena-robot-simulation/install/mec_mobile_description/share/ament_index/resource_index/packages/mec_mobile_description
-- Symlinking: /home/hephan/lfr_ws/src/arena-robot-simulation/install/mec_mobile_description/share/mec_mobile_description/cmake/mec_mobile_descriptionConfig.cmake
-- Symlinking: /home/hephan/lfr_ws/src/arena-robot-simulation/install/mec_mobile_description/share/mec_mobile_description/cmake/mec_mobile_descriptionConfig-version.cmake
-- Symlinking: /home/hephan/lfr_ws/src/arena-robot-simulation/install/mec_mobile_description/share/mec_mobile_description/package.xml
